14:35:49.489 ERROR basic.basic_005_builtinFunction.BuiltinFunctionTest 91 testMethod_1 - Syntax error in template "basic_005_built-in_function.ftl" in line 382, column 27:
Unknown built-in: "item_patiry". Help (latest version): https://freemarker.apache.org/docs/ref_builtins.html; you're using FreeMarker 2.3.28.
The alphabetical list of built-ins:
abs, absolute_template_name, ancestors, api, 
boolean, byte, 
c, cap_first, capitalize, ceiling, children, chop_linebreak, chunk, contains, counter, 
date, date_if_unknown, datetime, datetime_if_unknown, default, double, 
ends_with, ensure_ends_with, ensure_starts_with, esc, eval, exists, 
first, float, floor, 
groups, 
has_api, has_content, has_next, html, 
if_exists, index, index_of, int, interpret, is_boolean, is_collection, is_collection_ex, is_date, is_date_like, is_date_only, is_datetime, is_directive, is_enumerable, is_even_item, is_first, is_hash, is_hash_ex, is_indexable, is_infinite, is_last, is_macro, is_markup_output, is_method, is_nan, is_node, is_number, is_odd_item, is_sequence, is_string, is_time, is_transform, is_unknown_date_like, iso, iso_h, iso_h_nz, iso_local, iso_local_h, iso_local_h_nz, iso_local_m, iso_local_m_nz, iso_local_ms, iso_local_ms_nz, iso_local_nz, iso_m, iso_m_nz, iso_ms, iso_ms_nz, iso_nz, iso_utc, iso_utc_fz, iso_utc_h, iso_utc_h_nz, iso_utc_m, iso_utc_m_nz, iso_utc_ms, iso_utc_ms_nz, iso_utc_nz, item_cycle, item_parity, item_parity_cap, 
j_string, join, js_string, json_string, 
keep_after, keep_after_last, keep_before, keep_before_last, keys, 
last, last_index_of, left_pad, length, long, lower_abc, lower_case, 
markup_string, matches, max, min, 
namespace, new, next_sibling, no_esc, node_name, node_namespace, node_type, number, number_to_date, number_to_datetime, number_to_time, 
parent, previous_sibling, 
remove_beginning, remove_ending, replace, reverse, right_pad, root, round, rtf, 
seq_contains, seq_index_of, seq_last_index_of, sequence, short, size, sort, sort_by, split, starts_with, string, substring, switch, 
then, time, time_if_unknown, trim, 
uncap_first, upper_abc, upper_case, url, url_path, 
values, 
web_safe, word_list, 
xhtml, xml freemarker.core.ParseException: Syntax error in template "basic_005_built-in_function.ftl" in line 382, column 27:
Unknown built-in: "item_patiry". Help (latest version): https://freemarker.apache.org/docs/ref_builtins.html; you're using FreeMarker 2.3.28.
The alphabetical list of built-ins:
abs, absolute_template_name, ancestors, api, 
boolean, byte, 
c, cap_first, capitalize, ceiling, children, chop_linebreak, chunk, contains, counter, 
date, date_if_unknown, datetime, datetime_if_unknown, default, double, 
ends_with, ensure_ends_with, ensure_starts_with, esc, eval, exists, 
first, float, floor, 
groups, 
has_api, has_content, has_next, html, 
if_exists, index, index_of, int, interpret, is_boolean, is_collection, is_collection_ex, is_date, is_date_like, is_date_only, is_datetime, is_directive, is_enumerable, is_even_item, is_first, is_hash, is_hash_ex, is_indexable, is_infinite, is_last, is_macro, is_markup_output, is_method, is_nan, is_node, is_number, is_odd_item, is_sequence, is_string, is_time, is_transform, is_unknown_date_like, iso, iso_h, iso_h_nz, iso_local, iso_local_h, iso_local_h_nz, iso_local_m, iso_local_m_nz, iso_local_ms, iso_local_ms_nz, iso_local_nz, iso_m, iso_m_nz, iso_ms, iso_ms_nz, iso_nz, iso_utc, iso_utc_fz, iso_utc_h, iso_utc_h_nz, iso_utc_m, iso_utc_m_nz, iso_utc_ms, iso_utc_ms_nz, iso_utc_nz, item_cycle, item_parity, item_parity_cap, 
j_string, join, js_string, json_string, 
keep_after, keep_after_last, keep_before, keep_before_last, keys, 
last, last_index_of, left_pad, length, long, lower_abc, lower_case, 
markup_string, matches, max, min, 
namespace, new, next_sibling, no_esc, node_name, node_namespace, node_type, number, number_to_date, number_to_datetime, number_to_time, 
parent, previous_sibling, 
remove_beginning, remove_ending, replace, reverse, right_pad, root, round, rtf, 
seq_contains, seq_index_of, seq_last_index_of, sequence, short, size, sort, sort_by, split, starts_with, string, substring, switch, 
then, time, time_if_unknown, trim, 
uncap_first, upper_abc, upper_case, url, url_path, 
values, 
web_safe, word_list, 
xhtml, xml
	at freemarker.core.BuiltIn.newBuiltIn(BuiltIn.java:367) ~[freemarker-2.3.28.jar:2.3.28]
	at freemarker.core.FMParser.BuiltIn(FMParser.java:1196) ~[freemarker-2.3.28.jar:2.3.28]
	at freemarker.core.FMParser.PrimaryExpression(FMParser.java:594) ~[freemarker-2.3.28.jar:2.3.28]
	at freemarker.core.FMParser.UnaryExpression(FMParser.java:706) ~[freemarker-2.3.28.jar:2.3.28]
	at freemarker.core.FMParser.MultiplicativeExpression(FMParser.java:821) ~[freemarker-2.3.28.jar:2.3.28]
	at freemarker.core.FMParser.AdditiveExpression(FMParser.java:773) ~[freemarker-2.3.28.jar:2.3.28]
	at freemarker.core.FMParser.RangeExpression(FMParser.java:953) ~[freemarker-2.3.28.jar:2.3.28]
	at freemarker.core.FMParser.RelationalExpression(FMParser.java:901) ~[freemarker-2.3.28.jar:2.3.28]
	at freemarker.core.FMParser.EqualityExpression(FMParser.java:864) ~[freemarker-2.3.28.jar:2.3.28]
	at freemarker.core.FMParser.AndExpression(FMParser.java:1020) ~[freemarker-2.3.28.jar:2.3.28]
	at freemarker.core.FMParser.OrExpression(FMParser.java:1042) ~[freemarker-2.3.28.jar:2.3.28]
	at freemarker.core.FMParser.Expression(FMParser.java:551) ~[freemarker-2.3.28.jar:2.3.28]
	at freemarker.core.FMParser.StringOutput(FMParser.java:1545) ~[freemarker-2.3.28.jar:2.3.28]
	at freemarker.core.FMParser.MixedContentElements(FMParser.java:3761) ~[freemarker-2.3.28.jar:2.3.28]
	at freemarker.core.FMParser.List(FMParser.java:1784) ~[freemarker-2.3.28.jar:2.3.28]
	at freemarker.core.FMParser.FreemarkerDirective(FMParser.java:3426) ~[freemarker-2.3.28.jar:2.3.28]
	at freemarker.core.FMParser.MixedContentElements(FMParser.java:3812) ~[freemarker-2.3.28.jar:2.3.28]
	at freemarker.core.FMParser.Root(FMParser.java:4458) ~[freemarker-2.3.28.jar:2.3.28]
	at freemarker.template.Template.<init>(Template.java:253) ~[freemarker-2.3.28.jar:2.3.28]
	at freemarker.cache.TemplateCache.loadTemplate(TemplateCache.java:549) ~[freemarker-2.3.28.jar:2.3.28]
	at freemarker.cache.TemplateCache.getTemplateInternal(TemplateCache.java:439) ~[freemarker-2.3.28.jar:2.3.28]
	at freemarker.cache.TemplateCache.getTemplate(TemplateCache.java:292) ~[freemarker-2.3.28.jar:2.3.28]
	at freemarker.template.Configuration.getTemplate(Configuration.java:2750) ~[freemarker-2.3.28.jar:2.3.28]
	at freemarker.template.Configuration.getTemplate(Configuration.java:2599) ~[freemarker-2.3.28.jar:2.3.28]
	at basic.basic_005_builtinFunction.BuiltinFunctionTest.testMethod_1(BuiltinFunctionTest.java:52) [bin/:?]
	at sun.reflect.NativeMethodAccessorImpl.invoke0(Native Method) ~[?:1.8.0_144]
	at sun.reflect.NativeMethodAccessorImpl.invoke(NativeMethodAccessorImpl.java:62) ~[?:1.8.0_144]
	at sun.reflect.DelegatingMethodAccessorImpl.invoke(DelegatingMethodAccessorImpl.java:43) ~[?:1.8.0_144]
	at java.lang.reflect.Method.invoke(Method.java:498) ~[?:?]
	at org.junit.runners.model.FrameworkMethod$1.runReflectiveCall(FrameworkMethod.java:50) [junit-4.12.jar:4.12]
	at org.junit.internal.runners.model.ReflectiveCallable.run(ReflectiveCallable.java:12) [junit-4.12.jar:4.12]
	at org.junit.runners.model.FrameworkMethod.invokeExplosively(FrameworkMethod.java:47) [junit-4.12.jar:4.12]
	at org.junit.internal.runners.statements.InvokeMethod.evaluate(InvokeMethod.java:17) [junit-4.12.jar:4.12]
	at org.junit.runners.ParentRunner.runLeaf(ParentRunner.java:325) [junit-4.12.jar:4.12]
	at org.junit.runners.BlockJUnit4ClassRunner.runChild(BlockJUnit4ClassRunner.java:78) [junit-4.12.jar:4.12]
	at org.junit.runners.BlockJUnit4ClassRunner.runChild(BlockJUnit4ClassRunner.java:57) [junit-4.12.jar:4.12]
	at org.junit.runners.ParentRunner$3.run(ParentRunner.java:290) [junit-4.12.jar:4.12]
	at org.junit.runners.ParentRunner$1.schedule(ParentRunner.java:71) [junit-4.12.jar:4.12]
	at org.junit.runners.ParentRunner.runChildren(ParentRunner.java:288) [junit-4.12.jar:4.12]
	at org.junit.runners.ParentRunner.access$000(ParentRunner.java:58) [junit-4.12.jar:4.12]
	at org.junit.runners.ParentRunner$2.evaluate(ParentRunner.java:268) [junit-4.12.jar:4.12]
	at org.junit.internal.runners.statements.RunBefores.evaluate(RunBefores.java:26) [junit-4.12.jar:4.12]
	at org.junit.runners.ParentRunner.run(ParentRunner.java:363) [junit-4.12.jar:4.12]
	at org.eclipse.jdt.internal.junit4.runner.JUnit4TestReference.run(JUnit4TestReference.java:86) [.cp/:?]
	at org.eclipse.jdt.internal.junit.runner.TestExecution.run(TestExecution.java:38) [.cp/:?]
	at org.eclipse.jdt.internal.junit.runner.RemoteTestRunner.runTests(RemoteTestRunner.java:459) [.cp/:?]
	at org.eclipse.jdt.internal.junit.runner.RemoteTestRunner.runTests(RemoteTestRunner.java:678) [.cp/:?]
	at org.eclipse.jdt.internal.junit.runner.RemoteTestRunner.run(RemoteTestRunner.java:382) [.cp/:?]
	at org.eclipse.jdt.internal.junit.runner.RemoteTestRunner.main(RemoteTestRunner.java:192) [.cp/:?]

14:43:43.773 ERROR basic.basic_005_builtinFunction.BuiltinFunctionTest 91 testMethod_1 - Can't convert boolean to string automatically, because the "boolean_format" setting was "true,false", which is the legacy default computer-language format, and hence isn't accepted.

----
Tip: If you just want "true"/"false" result as you are generting computer-language output, use "?c", like ${myBool?c}.
----
Tip: You can write myBool?string('yes', 'no') and like to specify boolean formatting in place.
----
Tip: If you need the same two values on most places, the programmers should set the "boolean_format" setting to something like "yes,no".
----

----
FTL stack trace ("~" means nesting-related):
	- Failed at: ${"true"?boolean}  [in template "basic_005_built-in_function.ftl" at line 414, column 1]
---- freemarker.core._MiscTemplateException: Can't convert boolean to string automatically, because the "boolean_format" setting was "true,false", which is the legacy default computer-language format, and hence isn't accepted.

----
Tip: If you just want "true"/"false" result as you are generting computer-language output, use "?c", like ${myBool?c}.
----
Tip: You can write myBool?string('yes', 'no') and like to specify boolean formatting in place.
----
Tip: If you need the same two values on most places, the programmers should set the "boolean_format" setting to something like "yes,no".
----

----
FTL stack trace ("~" means nesting-related):
	- Failed at: ${"true"?boolean}  [in template "basic_005_built-in_function.ftl" at line 414, column 1]
----
	at freemarker.core.Configurable.formatBoolean(Configurable.java:1012) ~[freemarker-2.3.28.jar:2.3.28]
	at freemarker.core.EvalUtil.coerceModelToTextualCommon(EvalUtil.java:481) ~[freemarker-2.3.28.jar:2.3.28]
	at freemarker.core.EvalUtil.coerceModelToStringOrMarkup(EvalUtil.java:389) ~[freemarker-2.3.28.jar:2.3.28]
	at freemarker.core.EvalUtil.coerceModelToStringOrMarkup(EvalUtil.java:358) ~[freemarker-2.3.28.jar:2.3.28]
	at freemarker.core.DollarVariable.calculateInterpolatedStringOrMarkup(DollarVariable.java:100) ~[freemarker-2.3.28.jar:2.3.28]
	at freemarker.core.DollarVariable.accept(DollarVariable.java:63) ~[freemarker-2.3.28.jar:2.3.28]
	at freemarker.core.Environment.visit(Environment.java:330) ~[freemarker-2.3.28.jar:2.3.28]
	at freemarker.core.Environment.visit(Environment.java:336) ~[freemarker-2.3.28.jar:2.3.28]
	at freemarker.core.Environment.process(Environment.java:309) ~[freemarker-2.3.28.jar:2.3.28]
	at freemarker.template.Template.process(Template.java:384) ~[freemarker-2.3.28.jar:2.3.28]
	at basic.basic_005_builtinFunction.BuiltinFunctionTest.testMethod_1(BuiltinFunctionTest.java:89) [bin/:?]
	at sun.reflect.NativeMethodAccessorImpl.invoke0(Native Method) ~[?:1.8.0_144]
	at sun.reflect.NativeMethodAccessorImpl.invoke(NativeMethodAccessorImpl.java:62) ~[?:1.8.0_144]
	at sun.reflect.DelegatingMethodAccessorImpl.invoke(DelegatingMethodAccessorImpl.java:43) ~[?:1.8.0_144]
	at java.lang.reflect.Method.invoke(Method.java:498) ~[?:?]
	at org.junit.runners.model.FrameworkMethod$1.runReflectiveCall(FrameworkMethod.java:50) [junit-4.12.jar:4.12]
	at org.junit.internal.runners.model.ReflectiveCallable.run(ReflectiveCallable.java:12) [junit-4.12.jar:4.12]
	at org.junit.runners.model.FrameworkMethod.invokeExplosively(FrameworkMethod.java:47) [junit-4.12.jar:4.12]
	at org.junit.internal.runners.statements.InvokeMethod.evaluate(InvokeMethod.java:17) [junit-4.12.jar:4.12]
	at org.junit.runners.ParentRunner.runLeaf(ParentRunner.java:325) [junit-4.12.jar:4.12]
	at org.junit.runners.BlockJUnit4ClassRunner.runChild(BlockJUnit4ClassRunner.java:78) [junit-4.12.jar:4.12]
	at org.junit.runners.BlockJUnit4ClassRunner.runChild(BlockJUnit4ClassRunner.java:57) [junit-4.12.jar:4.12]
	at org.junit.runners.ParentRunner$3.run(ParentRunner.java:290) [junit-4.12.jar:4.12]
	at org.junit.runners.ParentRunner$1.schedule(ParentRunner.java:71) [junit-4.12.jar:4.12]
	at org.junit.runners.ParentRunner.runChildren(ParentRunner.java:288) [junit-4.12.jar:4.12]
	at org.junit.runners.ParentRunner.access$000(ParentRunner.java:58) [junit-4.12.jar:4.12]
	at org.junit.runners.ParentRunner$2.evaluate(ParentRunner.java:268) [junit-4.12.jar:4.12]
	at org.junit.internal.runners.statements.RunBefores.evaluate(RunBefores.java:26) [junit-4.12.jar:4.12]
	at org.junit.runners.ParentRunner.run(ParentRunner.java:363) [junit-4.12.jar:4.12]
	at org.eclipse.jdt.internal.junit4.runner.JUnit4TestReference.run(JUnit4TestReference.java:86) [.cp/:?]
	at org.eclipse.jdt.internal.junit.runner.TestExecution.run(TestExecution.java:38) [.cp/:?]
	at org.eclipse.jdt.internal.junit.runner.RemoteTestRunner.runTests(RemoteTestRunner.java:459) [.cp/:?]
	at org.eclipse.jdt.internal.junit.runner.RemoteTestRunner.runTests(RemoteTestRunner.java:678) [.cp/:?]
	at org.eclipse.jdt.internal.junit.runner.RemoteTestRunner.run(RemoteTestRunner.java:382) [.cp/:?]
	at org.eclipse.jdt.internal.junit.runner.RemoteTestRunner.main(RemoteTestRunner.java:192) [.cp/:?]

14:44:29.163 ERROR basic.basic_005_builtinFunction.BuiltinFunctionTest 91 testMethod_1 - Can't convert boolean to string automatically, because the "boolean_format" setting was "true,false", which is the legacy default computer-language format, and hence isn't accepted.

----
Tip: If you just want "true"/"false" result as you are generting computer-language output, use "?c", like ${myBool?c}.
----
Tip: You can write myBool?string('yes', 'no') and like to specify boolean formatting in place.
----
Tip: If you need the same two values on most places, the programmers should set the "boolean_format" setting to something like "yes,no".
----

----
FTL stack trace ("~" means nesting-related):
	- Failed at: ${name??}  [in template "basic_005_built-in_function.ftl" at line 414, column 1]
---- freemarker.core._MiscTemplateException: Can't convert boolean to string automatically, because the "boolean_format" setting was "true,false", which is the legacy default computer-language format, and hence isn't accepted.

----
Tip: If you just want "true"/"false" result as you are generting computer-language output, use "?c", like ${myBool?c}.
----
Tip: You can write myBool?string('yes', 'no') and like to specify boolean formatting in place.
----
Tip: If you need the same two values on most places, the programmers should set the "boolean_format" setting to something like "yes,no".
----

----
FTL stack trace ("~" means nesting-related):
	- Failed at: ${name??}  [in template "basic_005_built-in_function.ftl" at line 414, column 1]
----
	at freemarker.core.Configurable.formatBoolean(Configurable.java:1012) ~[freemarker-2.3.28.jar:2.3.28]
	at freemarker.core.EvalUtil.coerceModelToTextualCommon(EvalUtil.java:481) ~[freemarker-2.3.28.jar:2.3.28]
	at freemarker.core.EvalUtil.coerceModelToStringOrMarkup(EvalUtil.java:389) ~[freemarker-2.3.28.jar:2.3.28]
	at freemarker.core.EvalUtil.coerceModelToStringOrMarkup(EvalUtil.java:358) ~[freemarker-2.3.28.jar:2.3.28]
	at freemarker.core.DollarVariable.calculateInterpolatedStringOrMarkup(DollarVariable.java:100) ~[freemarker-2.3.28.jar:2.3.28]
	at freemarker.core.DollarVariable.accept(DollarVariable.java:63) ~[freemarker-2.3.28.jar:2.3.28]
	at freemarker.core.Environment.visit(Environment.java:330) ~[freemarker-2.3.28.jar:2.3.28]
	at freemarker.core.Environment.visit(Environment.java:336) ~[freemarker-2.3.28.jar:2.3.28]
	at freemarker.core.Environment.process(Environment.java:309) ~[freemarker-2.3.28.jar:2.3.28]
	at freemarker.template.Template.process(Template.java:384) ~[freemarker-2.3.28.jar:2.3.28]
	at basic.basic_005_builtinFunction.BuiltinFunctionTest.testMethod_1(BuiltinFunctionTest.java:89) [bin/:?]
	at sun.reflect.NativeMethodAccessorImpl.invoke0(Native Method) ~[?:1.8.0_144]
	at sun.reflect.NativeMethodAccessorImpl.invoke(NativeMethodAccessorImpl.java:62) ~[?:1.8.0_144]
	at sun.reflect.DelegatingMethodAccessorImpl.invoke(DelegatingMethodAccessorImpl.java:43) ~[?:1.8.0_144]
	at java.lang.reflect.Method.invoke(Method.java:498) ~[?:?]
	at org.junit.runners.model.FrameworkMethod$1.runReflectiveCall(FrameworkMethod.java:50) [junit-4.12.jar:4.12]
	at org.junit.internal.runners.model.ReflectiveCallable.run(ReflectiveCallable.java:12) [junit-4.12.jar:4.12]
	at org.junit.runners.model.FrameworkMethod.invokeExplosively(FrameworkMethod.java:47) [junit-4.12.jar:4.12]
	at org.junit.internal.runners.statements.InvokeMethod.evaluate(InvokeMethod.java:17) [junit-4.12.jar:4.12]
	at org.junit.runners.ParentRunner.runLeaf(ParentRunner.java:325) [junit-4.12.jar:4.12]
	at org.junit.runners.BlockJUnit4ClassRunner.runChild(BlockJUnit4ClassRunner.java:78) [junit-4.12.jar:4.12]
	at org.junit.runners.BlockJUnit4ClassRunner.runChild(BlockJUnit4ClassRunner.java:57) [junit-4.12.jar:4.12]
	at org.junit.runners.ParentRunner$3.run(ParentRunner.java:290) [junit-4.12.jar:4.12]
	at org.junit.runners.ParentRunner$1.schedule(ParentRunner.java:71) [junit-4.12.jar:4.12]
	at org.junit.runners.ParentRunner.runChildren(ParentRunner.java:288) [junit-4.12.jar:4.12]
	at org.junit.runners.ParentRunner.access$000(ParentRunner.java:58) [junit-4.12.jar:4.12]
	at org.junit.runners.ParentRunner$2.evaluate(ParentRunner.java:268) [junit-4.12.jar:4.12]
	at org.junit.internal.runners.statements.RunBefores.evaluate(RunBefores.java:26) [junit-4.12.jar:4.12]
	at org.junit.runners.ParentRunner.run(ParentRunner.java:363) [junit-4.12.jar:4.12]
	at org.eclipse.jdt.internal.junit4.runner.JUnit4TestReference.run(JUnit4TestReference.java:86) [.cp/:?]
	at org.eclipse.jdt.internal.junit.runner.TestExecution.run(TestExecution.java:38) [.cp/:?]
	at org.eclipse.jdt.internal.junit.runner.RemoteTestRunner.runTests(RemoteTestRunner.java:459) [.cp/:?]
	at org.eclipse.jdt.internal.junit.runner.RemoteTestRunner.runTests(RemoteTestRunner.java:678) [.cp/:?]
	at org.eclipse.jdt.internal.junit.runner.RemoteTestRunner.run(RemoteTestRunner.java:382) [.cp/:?]
	at org.eclipse.jdt.internal.junit.runner.RemoteTestRunner.main(RemoteTestRunner.java:192) [.cp/:?]

14:45:50.997 ERROR basic.basic_005_builtinFunction.BuiltinFunctionTest 91 testMethod_1 - Can't convert boolean to string automatically, because the "boolean_format" setting was "true,false", which is the legacy default computer-language format, and hence isn't accepted.

----
Tip: If you just want "true"/"false" result as you are generting computer-language output, use "?c", like ${myBool?c}.
----
Tip: You can write myBool?string('yes', 'no') and like to specify boolean formatting in place.
----
Tip: If you need the same two values on most places, the programmers should set the "boolean_format" setting to something like "yes,no".
----

----
FTL stack trace ("~" means nesting-related):
	- Failed at: ${"true"?boolean}  [in template "basic_005_built-in_function.ftl" at line 414, column 1]
---- freemarker.core._MiscTemplateException: Can't convert boolean to string automatically, because the "boolean_format" setting was "true,false", which is the legacy default computer-language format, and hence isn't accepted.

----
Tip: If you just want "true"/"false" result as you are generting computer-language output, use "?c", like ${myBool?c}.
----
Tip: You can write myBool?string('yes', 'no') and like to specify boolean formatting in place.
----
Tip: If you need the same two values on most places, the programmers should set the "boolean_format" setting to something like "yes,no".
----

----
FTL stack trace ("~" means nesting-related):
	- Failed at: ${"true"?boolean}  [in template "basic_005_built-in_function.ftl" at line 414, column 1]
----
	at freemarker.core.Configurable.formatBoolean(Configurable.java:1012) ~[freemarker-2.3.28.jar:2.3.28]
	at freemarker.core.EvalUtil.coerceModelToTextualCommon(EvalUtil.java:481) ~[freemarker-2.3.28.jar:2.3.28]
	at freemarker.core.EvalUtil.coerceModelToStringOrMarkup(EvalUtil.java:389) ~[freemarker-2.3.28.jar:2.3.28]
	at freemarker.core.EvalUtil.coerceModelToStringOrMarkup(EvalUtil.java:358) ~[freemarker-2.3.28.jar:2.3.28]
	at freemarker.core.DollarVariable.calculateInterpolatedStringOrMarkup(DollarVariable.java:100) ~[freemarker-2.3.28.jar:2.3.28]
	at freemarker.core.DollarVariable.accept(DollarVariable.java:63) ~[freemarker-2.3.28.jar:2.3.28]
	at freemarker.core.Environment.visit(Environment.java:330) ~[freemarker-2.3.28.jar:2.3.28]
	at freemarker.core.Environment.visit(Environment.java:336) ~[freemarker-2.3.28.jar:2.3.28]
	at freemarker.core.Environment.process(Environment.java:309) ~[freemarker-2.3.28.jar:2.3.28]
	at freemarker.template.Template.process(Template.java:384) ~[freemarker-2.3.28.jar:2.3.28]
	at basic.basic_005_builtinFunction.BuiltinFunctionTest.testMethod_1(BuiltinFunctionTest.java:89) [bin/:?]
	at sun.reflect.NativeMethodAccessorImpl.invoke0(Native Method) ~[?:1.8.0_144]
	at sun.reflect.NativeMethodAccessorImpl.invoke(NativeMethodAccessorImpl.java:62) ~[?:1.8.0_144]
	at sun.reflect.DelegatingMethodAccessorImpl.invoke(DelegatingMethodAccessorImpl.java:43) ~[?:1.8.0_144]
	at java.lang.reflect.Method.invoke(Method.java:498) ~[?:?]
	at org.junit.runners.model.FrameworkMethod$1.runReflectiveCall(FrameworkMethod.java:50) [junit-4.12.jar:4.12]
	at org.junit.internal.runners.model.ReflectiveCallable.run(ReflectiveCallable.java:12) [junit-4.12.jar:4.12]
	at org.junit.runners.model.FrameworkMethod.invokeExplosively(FrameworkMethod.java:47) [junit-4.12.jar:4.12]
	at org.junit.internal.runners.statements.InvokeMethod.evaluate(InvokeMethod.java:17) [junit-4.12.jar:4.12]
	at org.junit.runners.ParentRunner.runLeaf(ParentRunner.java:325) [junit-4.12.jar:4.12]
	at org.junit.runners.BlockJUnit4ClassRunner.runChild(BlockJUnit4ClassRunner.java:78) [junit-4.12.jar:4.12]
	at org.junit.runners.BlockJUnit4ClassRunner.runChild(BlockJUnit4ClassRunner.java:57) [junit-4.12.jar:4.12]
	at org.junit.runners.ParentRunner$3.run(ParentRunner.java:290) [junit-4.12.jar:4.12]
	at org.junit.runners.ParentRunner$1.schedule(ParentRunner.java:71) [junit-4.12.jar:4.12]
	at org.junit.runners.ParentRunner.runChildren(ParentRunner.java:288) [junit-4.12.jar:4.12]
	at org.junit.runners.ParentRunner.access$000(ParentRunner.java:58) [junit-4.12.jar:4.12]
	at org.junit.runners.ParentRunner$2.evaluate(ParentRunner.java:268) [junit-4.12.jar:4.12]
	at org.junit.internal.runners.statements.RunBefores.evaluate(RunBefores.java:26) [junit-4.12.jar:4.12]
	at org.junit.runners.ParentRunner.run(ParentRunner.java:363) [junit-4.12.jar:4.12]
	at org.eclipse.jdt.internal.junit4.runner.JUnit4TestReference.run(JUnit4TestReference.java:86) [.cp/:?]
	at org.eclipse.jdt.internal.junit.runner.TestExecution.run(TestExecution.java:38) [.cp/:?]
	at org.eclipse.jdt.internal.junit.runner.RemoteTestRunner.runTests(RemoteTestRunner.java:459) [.cp/:?]
	at org.eclipse.jdt.internal.junit.runner.RemoteTestRunner.runTests(RemoteTestRunner.java:678) [.cp/:?]
	at org.eclipse.jdt.internal.junit.runner.RemoteTestRunner.run(RemoteTestRunner.java:382) [.cp/:?]
	at org.eclipse.jdt.internal.junit.runner.RemoteTestRunner.main(RemoteTestRunner.java:192) [.cp/:?]

14:49:20.930 ERROR basic.basic_005_builtinFunction.BuiltinFunctionTest 91 testMethod_1 - Can't convert boolean to string automatically, because the "boolean_format" setting was "true,false", which is the legacy default computer-language format, and hence isn't accepted.

----
Tip: If you just want "true"/"false" result as you are generting computer-language output, use "?c", like ${myBool?c}.
----
Tip: You can write myBool?string('yes', 'no') and like to specify boolean formatting in place.
----
Tip: If you need the same two values on most places, the programmers should set the "boolean_format" setting to something like "yes,no".
----

----
FTL stack trace ("~" means nesting-related):
	- Failed at: ${"true"?boolean}  [in template "basic_005_built-in_function.ftl" at line 415, column 1]
---- freemarker.core._MiscTemplateException: Can't convert boolean to string automatically, because the "boolean_format" setting was "true,false", which is the legacy default computer-language format, and hence isn't accepted.

----
Tip: If you just want "true"/"false" result as you are generting computer-language output, use "?c", like ${myBool?c}.
----
Tip: You can write myBool?string('yes', 'no') and like to specify boolean formatting in place.
----
Tip: If you need the same two values on most places, the programmers should set the "boolean_format" setting to something like "yes,no".
----

----
FTL stack trace ("~" means nesting-related):
	- Failed at: ${"true"?boolean}  [in template "basic_005_built-in_function.ftl" at line 415, column 1]
----
	at freemarker.core.Configurable.formatBoolean(Configurable.java:1012) ~[freemarker-2.3.28.jar:2.3.28]
	at freemarker.core.EvalUtil.coerceModelToTextualCommon(EvalUtil.java:481) ~[freemarker-2.3.28.jar:2.3.28]
	at freemarker.core.EvalUtil.coerceModelToStringOrMarkup(EvalUtil.java:389) ~[freemarker-2.3.28.jar:2.3.28]
	at freemarker.core.EvalUtil.coerceModelToStringOrMarkup(EvalUtil.java:358) ~[freemarker-2.3.28.jar:2.3.28]
	at freemarker.core.DollarVariable.calculateInterpolatedStringOrMarkup(DollarVariable.java:100) ~[freemarker-2.3.28.jar:2.3.28]
	at freemarker.core.DollarVariable.accept(DollarVariable.java:63) ~[freemarker-2.3.28.jar:2.3.28]
	at freemarker.core.Environment.visit(Environment.java:330) ~[freemarker-2.3.28.jar:2.3.28]
	at freemarker.core.Environment.visit(Environment.java:336) ~[freemarker-2.3.28.jar:2.3.28]
	at freemarker.core.Environment.process(Environment.java:309) ~[freemarker-2.3.28.jar:2.3.28]
	at freemarker.template.Template.process(Template.java:384) ~[freemarker-2.3.28.jar:2.3.28]
	at basic.basic_005_builtinFunction.BuiltinFunctionTest.testMethod_1(BuiltinFunctionTest.java:89) [bin/:?]
	at sun.reflect.NativeMethodAccessorImpl.invoke0(Native Method) ~[?:1.8.0_144]
	at sun.reflect.NativeMethodAccessorImpl.invoke(NativeMethodAccessorImpl.java:62) ~[?:1.8.0_144]
	at sun.reflect.DelegatingMethodAccessorImpl.invoke(DelegatingMethodAccessorImpl.java:43) ~[?:1.8.0_144]
	at java.lang.reflect.Method.invoke(Method.java:498) ~[?:?]
	at org.junit.runners.model.FrameworkMethod$1.runReflectiveCall(FrameworkMethod.java:50) [junit-4.12.jar:4.12]
	at org.junit.internal.runners.model.ReflectiveCallable.run(ReflectiveCallable.java:12) [junit-4.12.jar:4.12]
	at org.junit.runners.model.FrameworkMethod.invokeExplosively(FrameworkMethod.java:47) [junit-4.12.jar:4.12]
	at org.junit.internal.runners.statements.InvokeMethod.evaluate(InvokeMethod.java:17) [junit-4.12.jar:4.12]
	at org.junit.runners.ParentRunner.runLeaf(ParentRunner.java:325) [junit-4.12.jar:4.12]
	at org.junit.runners.BlockJUnit4ClassRunner.runChild(BlockJUnit4ClassRunner.java:78) [junit-4.12.jar:4.12]
	at org.junit.runners.BlockJUnit4ClassRunner.runChild(BlockJUnit4ClassRunner.java:57) [junit-4.12.jar:4.12]
	at org.junit.runners.ParentRunner$3.run(ParentRunner.java:290) [junit-4.12.jar:4.12]
	at org.junit.runners.ParentRunner$1.schedule(ParentRunner.java:71) [junit-4.12.jar:4.12]
	at org.junit.runners.ParentRunner.runChildren(ParentRunner.java:288) [junit-4.12.jar:4.12]
	at org.junit.runners.ParentRunner.access$000(ParentRunner.java:58) [junit-4.12.jar:4.12]
	at org.junit.runners.ParentRunner$2.evaluate(ParentRunner.java:268) [junit-4.12.jar:4.12]
	at org.junit.internal.runners.statements.RunBefores.evaluate(RunBefores.java:26) [junit-4.12.jar:4.12]
	at org.junit.runners.ParentRunner.run(ParentRunner.java:363) [junit-4.12.jar:4.12]
	at org.eclipse.jdt.internal.junit4.runner.JUnit4TestReference.run(JUnit4TestReference.java:86) [.cp/:?]
	at org.eclipse.jdt.internal.junit.runner.TestExecution.run(TestExecution.java:38) [.cp/:?]
	at org.eclipse.jdt.internal.junit.runner.RemoteTestRunner.runTests(RemoteTestRunner.java:459) [.cp/:?]
	at org.eclipse.jdt.internal.junit.runner.RemoteTestRunner.runTests(RemoteTestRunner.java:678) [.cp/:?]
	at org.eclipse.jdt.internal.junit.runner.RemoteTestRunner.run(RemoteTestRunner.java:382) [.cp/:?]
	at org.eclipse.jdt.internal.junit.runner.RemoteTestRunner.main(RemoteTestRunner.java:192) [.cp/:?]

14:52:46.263 ERROR basic.basic_005_builtinFunction.BuiltinFunctionTest 91 testMethod_1 - Can't convert boolean to string automatically, because the "boolean_format" setting was "true,false", which is the legacy default computer-language format, and hence isn't accepted.

----
Tip: If you just want "true"/"false" result as you are generting computer-language output, use "?c", like ${myBool?c}.
----
Tip: You can write myBool?string('yes', 'no') and like to specify boolean formatting in place.
----
Tip: If you need the same two values on most places, the programmers should set the "boolean_format" setting to something like "yes,no".
----

----
FTL stack trace ("~" means nesting-related):
	- Failed at: ${true?then(true, false)}  [in template "basic_005_built-in_function.ftl" at line 414, column 1]
---- freemarker.core._MiscTemplateException: Can't convert boolean to string automatically, because the "boolean_format" setting was "true,false", which is the legacy default computer-language format, and hence isn't accepted.

----
Tip: If you just want "true"/"false" result as you are generting computer-language output, use "?c", like ${myBool?c}.
----
Tip: You can write myBool?string('yes', 'no') and like to specify boolean formatting in place.
----
Tip: If you need the same two values on most places, the programmers should set the "boolean_format" setting to something like "yes,no".
----

----
FTL stack trace ("~" means nesting-related):
	- Failed at: ${true?then(true, false)}  [in template "basic_005_built-in_function.ftl" at line 414, column 1]
----
	at freemarker.core.Configurable.formatBoolean(Configurable.java:1012) ~[freemarker-2.3.28.jar:2.3.28]
	at freemarker.core.EvalUtil.coerceModelToTextualCommon(EvalUtil.java:481) ~[freemarker-2.3.28.jar:2.3.28]
	at freemarker.core.EvalUtil.coerceModelToStringOrMarkup(EvalUtil.java:389) ~[freemarker-2.3.28.jar:2.3.28]
	at freemarker.core.EvalUtil.coerceModelToStringOrMarkup(EvalUtil.java:358) ~[freemarker-2.3.28.jar:2.3.28]
	at freemarker.core.DollarVariable.calculateInterpolatedStringOrMarkup(DollarVariable.java:100) ~[freemarker-2.3.28.jar:2.3.28]
	at freemarker.core.DollarVariable.accept(DollarVariable.java:63) ~[freemarker-2.3.28.jar:2.3.28]
	at freemarker.core.Environment.visit(Environment.java:330) ~[freemarker-2.3.28.jar:2.3.28]
	at freemarker.core.Environment.visit(Environment.java:336) ~[freemarker-2.3.28.jar:2.3.28]
	at freemarker.core.Environment.process(Environment.java:309) ~[freemarker-2.3.28.jar:2.3.28]
	at freemarker.template.Template.process(Template.java:384) ~[freemarker-2.3.28.jar:2.3.28]
	at basic.basic_005_builtinFunction.BuiltinFunctionTest.testMethod_1(BuiltinFunctionTest.java:89) [bin/:?]
	at sun.reflect.NativeMethodAccessorImpl.invoke0(Native Method) ~[?:1.8.0_144]
	at sun.reflect.NativeMethodAccessorImpl.invoke(NativeMethodAccessorImpl.java:62) ~[?:1.8.0_144]
	at sun.reflect.DelegatingMethodAccessorImpl.invoke(DelegatingMethodAccessorImpl.java:43) ~[?:1.8.0_144]
	at java.lang.reflect.Method.invoke(Method.java:498) ~[?:?]
	at org.junit.runners.model.FrameworkMethod$1.runReflectiveCall(FrameworkMethod.java:50) [junit-4.12.jar:4.12]
	at org.junit.internal.runners.model.ReflectiveCallable.run(ReflectiveCallable.java:12) [junit-4.12.jar:4.12]
	at org.junit.runners.model.FrameworkMethod.invokeExplosively(FrameworkMethod.java:47) [junit-4.12.jar:4.12]
	at org.junit.internal.runners.statements.InvokeMethod.evaluate(InvokeMethod.java:17) [junit-4.12.jar:4.12]
	at org.junit.runners.ParentRunner.runLeaf(ParentRunner.java:325) [junit-4.12.jar:4.12]
	at org.junit.runners.BlockJUnit4ClassRunner.runChild(BlockJUnit4ClassRunner.java:78) [junit-4.12.jar:4.12]
	at org.junit.runners.BlockJUnit4ClassRunner.runChild(BlockJUnit4ClassRunner.java:57) [junit-4.12.jar:4.12]
	at org.junit.runners.ParentRunner$3.run(ParentRunner.java:290) [junit-4.12.jar:4.12]
	at org.junit.runners.ParentRunner$1.schedule(ParentRunner.java:71) [junit-4.12.jar:4.12]
	at org.junit.runners.ParentRunner.runChildren(ParentRunner.java:288) [junit-4.12.jar:4.12]
	at org.junit.runners.ParentRunner.access$000(ParentRunner.java:58) [junit-4.12.jar:4.12]
	at org.junit.runners.ParentRunner$2.evaluate(ParentRunner.java:268) [junit-4.12.jar:4.12]
	at org.junit.internal.runners.statements.RunBefores.evaluate(RunBefores.java:26) [junit-4.12.jar:4.12]
	at org.junit.runners.ParentRunner.run(ParentRunner.java:363) [junit-4.12.jar:4.12]
	at org.eclipse.jdt.internal.junit4.runner.JUnit4TestReference.run(JUnit4TestReference.java:86) [.cp/:?]
	at org.eclipse.jdt.internal.junit.runner.TestExecution.run(TestExecution.java:38) [.cp/:?]
	at org.eclipse.jdt.internal.junit.runner.RemoteTestRunner.runTests(RemoteTestRunner.java:459) [.cp/:?]
	at org.eclipse.jdt.internal.junit.runner.RemoteTestRunner.runTests(RemoteTestRunner.java:678) [.cp/:?]
	at org.eclipse.jdt.internal.junit.runner.RemoteTestRunner.run(RemoteTestRunner.java:382) [.cp/:?]
	at org.eclipse.jdt.internal.junit.runner.RemoteTestRunner.main(RemoteTestRunner.java:192) [.cp/:?]

14:53:33.662 ERROR basic.basic_005_builtinFunction.BuiltinFunctionTest 91 testMethod_1 - Can't convert boolean to string automatically, because the "boolean_format" setting was "true,false", which is the legacy default computer-language format, and hence isn't accepted.

----
Tip: If you just want "true"/"false" result as you are generting computer-language output, use "?c", like ${myBool?c}.
----
Tip: You can write myBool?string('yes', 'no') and like to specify boolean formatting in place.
----
Tip: If you need the same two values on most places, the programmers should set the "boolean_format" setting to something like "yes,no".
----

----
FTL stack trace ("~" means nesting-related):
	- Failed at: ${true?then(true, false)}  [in template "basic_005_built-in_function.ftl" at line 414, column 1]
---- freemarker.core._MiscTemplateException: Can't convert boolean to string automatically, because the "boolean_format" setting was "true,false", which is the legacy default computer-language format, and hence isn't accepted.

----
Tip: If you just want "true"/"false" result as you are generting computer-language output, use "?c", like ${myBool?c}.
----
Tip: You can write myBool?string('yes', 'no') and like to specify boolean formatting in place.
----
Tip: If you need the same two values on most places, the programmers should set the "boolean_format" setting to something like "yes,no".
----

----
FTL stack trace ("~" means nesting-related):
	- Failed at: ${true?then(true, false)}  [in template "basic_005_built-in_function.ftl" at line 414, column 1]
----
	at freemarker.core.Configurable.formatBoolean(Configurable.java:1012) ~[freemarker-2.3.28.jar:2.3.28]
	at freemarker.core.EvalUtil.coerceModelToTextualCommon(EvalUtil.java:481) ~[freemarker-2.3.28.jar:2.3.28]
	at freemarker.core.EvalUtil.coerceModelToStringOrMarkup(EvalUtil.java:389) ~[freemarker-2.3.28.jar:2.3.28]
	at freemarker.core.EvalUtil.coerceModelToStringOrMarkup(EvalUtil.java:358) ~[freemarker-2.3.28.jar:2.3.28]
	at freemarker.core.DollarVariable.calculateInterpolatedStringOrMarkup(DollarVariable.java:100) ~[freemarker-2.3.28.jar:2.3.28]
	at freemarker.core.DollarVariable.accept(DollarVariable.java:63) ~[freemarker-2.3.28.jar:2.3.28]
	at freemarker.core.Environment.visit(Environment.java:330) ~[freemarker-2.3.28.jar:2.3.28]
	at freemarker.core.Environment.visit(Environment.java:336) ~[freemarker-2.3.28.jar:2.3.28]
	at freemarker.core.Environment.process(Environment.java:309) ~[freemarker-2.3.28.jar:2.3.28]
	at freemarker.template.Template.process(Template.java:384) ~[freemarker-2.3.28.jar:2.3.28]
	at basic.basic_005_builtinFunction.BuiltinFunctionTest.testMethod_1(BuiltinFunctionTest.java:89) [bin/:?]
	at sun.reflect.NativeMethodAccessorImpl.invoke0(Native Method) ~[?:1.8.0_144]
	at sun.reflect.NativeMethodAccessorImpl.invoke(NativeMethodAccessorImpl.java:62) ~[?:1.8.0_144]
	at sun.reflect.DelegatingMethodAccessorImpl.invoke(DelegatingMethodAccessorImpl.java:43) ~[?:1.8.0_144]
	at java.lang.reflect.Method.invoke(Method.java:498) ~[?:?]
	at org.junit.runners.model.FrameworkMethod$1.runReflectiveCall(FrameworkMethod.java:50) [junit-4.12.jar:4.12]
	at org.junit.internal.runners.model.ReflectiveCallable.run(ReflectiveCallable.java:12) [junit-4.12.jar:4.12]
	at org.junit.runners.model.FrameworkMethod.invokeExplosively(FrameworkMethod.java:47) [junit-4.12.jar:4.12]
	at org.junit.internal.runners.statements.InvokeMethod.evaluate(InvokeMethod.java:17) [junit-4.12.jar:4.12]
	at org.junit.runners.ParentRunner.runLeaf(ParentRunner.java:325) [junit-4.12.jar:4.12]
	at org.junit.runners.BlockJUnit4ClassRunner.runChild(BlockJUnit4ClassRunner.java:78) [junit-4.12.jar:4.12]
	at org.junit.runners.BlockJUnit4ClassRunner.runChild(BlockJUnit4ClassRunner.java:57) [junit-4.12.jar:4.12]
	at org.junit.runners.ParentRunner$3.run(ParentRunner.java:290) [junit-4.12.jar:4.12]
	at org.junit.runners.ParentRunner$1.schedule(ParentRunner.java:71) [junit-4.12.jar:4.12]
	at org.junit.runners.ParentRunner.runChildren(ParentRunner.java:288) [junit-4.12.jar:4.12]
	at org.junit.runners.ParentRunner.access$000(ParentRunner.java:58) [junit-4.12.jar:4.12]
	at org.junit.runners.ParentRunner$2.evaluate(ParentRunner.java:268) [junit-4.12.jar:4.12]
	at org.junit.internal.runners.statements.RunBefores.evaluate(RunBefores.java:26) [junit-4.12.jar:4.12]
	at org.junit.runners.ParentRunner.run(ParentRunner.java:363) [junit-4.12.jar:4.12]
	at org.eclipse.jdt.internal.junit4.runner.JUnit4TestReference.run(JUnit4TestReference.java:86) [.cp/:?]
	at org.eclipse.jdt.internal.junit.runner.TestExecution.run(TestExecution.java:38) [.cp/:?]
	at org.eclipse.jdt.internal.junit.runner.RemoteTestRunner.runTests(RemoteTestRunner.java:459) [.cp/:?]
	at org.eclipse.jdt.internal.junit.runner.RemoteTestRunner.runTests(RemoteTestRunner.java:678) [.cp/:?]
	at org.eclipse.jdt.internal.junit.runner.RemoteTestRunner.run(RemoteTestRunner.java:382) [.cp/:?]
	at org.eclipse.jdt.internal.junit.runner.RemoteTestRunner.main(RemoteTestRunner.java:192) [.cp/:?]

15:00:17.520 ERROR basic.basic_005_builtinFunction.BuiltinFunctionTest 91 testMethod_1 - Can't convert boolean to string automatically, because the "boolean_format" setting was "true,false", which is the legacy default computer-language format, and hence isn't accepted.

----
Tip: If you just want "true"/"false" result as you are generting computer-language output, use "?c", like ${myBool?c}.
----
Tip: You can write myBool?string('yes', 'no') and like to specify boolean formatting in place.
----
Tip: If you need the same two values on most places, the programmers should set the "boolean_format" setting to something like "yes,no".
----

----
FTL stack trace ("~" means nesting-related):
	- Failed at: ${"my name is chenming"?contains("nm")}  [in template "basic_005_built-in_function.ftl" at line 423, column 1]
---- freemarker.core._MiscTemplateException: Can't convert boolean to string automatically, because the "boolean_format" setting was "true,false", which is the legacy default computer-language format, and hence isn't accepted.

----
Tip: If you just want "true"/"false" result as you are generting computer-language output, use "?c", like ${myBool?c}.
----
Tip: You can write myBool?string('yes', 'no') and like to specify boolean formatting in place.
----
Tip: If you need the same two values on most places, the programmers should set the "boolean_format" setting to something like "yes,no".
----

----
FTL stack trace ("~" means nesting-related):
	- Failed at: ${"my name is chenming"?contains("nm")}  [in template "basic_005_built-in_function.ftl" at line 423, column 1]
----
	at freemarker.core.Configurable.formatBoolean(Configurable.java:1012) ~[freemarker-2.3.28.jar:2.3.28]
	at freemarker.core.EvalUtil.coerceModelToTextualCommon(EvalUtil.java:481) ~[freemarker-2.3.28.jar:2.3.28]
	at freemarker.core.EvalUtil.coerceModelToStringOrMarkup(EvalUtil.java:389) ~[freemarker-2.3.28.jar:2.3.28]
	at freemarker.core.EvalUtil.coerceModelToStringOrMarkup(EvalUtil.java:358) ~[freemarker-2.3.28.jar:2.3.28]
	at freemarker.core.DollarVariable.calculateInterpolatedStringOrMarkup(DollarVariable.java:100) ~[freemarker-2.3.28.jar:2.3.28]
	at freemarker.core.DollarVariable.accept(DollarVariable.java:63) ~[freemarker-2.3.28.jar:2.3.28]
	at freemarker.core.Environment.visit(Environment.java:330) ~[freemarker-2.3.28.jar:2.3.28]
	at freemarker.core.Environment.visit(Environment.java:336) ~[freemarker-2.3.28.jar:2.3.28]
	at freemarker.core.Environment.process(Environment.java:309) ~[freemarker-2.3.28.jar:2.3.28]
	at freemarker.template.Template.process(Template.java:384) ~[freemarker-2.3.28.jar:2.3.28]
	at basic.basic_005_builtinFunction.BuiltinFunctionTest.testMethod_1(BuiltinFunctionTest.java:89) [bin/:?]
	at sun.reflect.NativeMethodAccessorImpl.invoke0(Native Method) ~[?:1.8.0_144]
	at sun.reflect.NativeMethodAccessorImpl.invoke(NativeMethodAccessorImpl.java:62) ~[?:1.8.0_144]
	at sun.reflect.DelegatingMethodAccessorImpl.invoke(DelegatingMethodAccessorImpl.java:43) ~[?:1.8.0_144]
	at java.lang.reflect.Method.invoke(Method.java:498) ~[?:?]
	at org.junit.runners.model.FrameworkMethod$1.runReflectiveCall(FrameworkMethod.java:50) [junit-4.12.jar:4.12]
	at org.junit.internal.runners.model.ReflectiveCallable.run(ReflectiveCallable.java:12) [junit-4.12.jar:4.12]
	at org.junit.runners.model.FrameworkMethod.invokeExplosively(FrameworkMethod.java:47) [junit-4.12.jar:4.12]
	at org.junit.internal.runners.statements.InvokeMethod.evaluate(InvokeMethod.java:17) [junit-4.12.jar:4.12]
	at org.junit.runners.ParentRunner.runLeaf(ParentRunner.java:325) [junit-4.12.jar:4.12]
	at org.junit.runners.BlockJUnit4ClassRunner.runChild(BlockJUnit4ClassRunner.java:78) [junit-4.12.jar:4.12]
	at org.junit.runners.BlockJUnit4ClassRunner.runChild(BlockJUnit4ClassRunner.java:57) [junit-4.12.jar:4.12]
	at org.junit.runners.ParentRunner$3.run(ParentRunner.java:290) [junit-4.12.jar:4.12]
	at org.junit.runners.ParentRunner$1.schedule(ParentRunner.java:71) [junit-4.12.jar:4.12]
	at org.junit.runners.ParentRunner.runChildren(ParentRunner.java:288) [junit-4.12.jar:4.12]
	at org.junit.runners.ParentRunner.access$000(ParentRunner.java:58) [junit-4.12.jar:4.12]
	at org.junit.runners.ParentRunner$2.evaluate(ParentRunner.java:268) [junit-4.12.jar:4.12]
	at org.junit.internal.runners.statements.RunBefores.evaluate(RunBefores.java:26) [junit-4.12.jar:4.12]
	at org.junit.runners.ParentRunner.run(ParentRunner.java:363) [junit-4.12.jar:4.12]
	at org.eclipse.jdt.internal.junit4.runner.JUnit4TestReference.run(JUnit4TestReference.java:86) [.cp/:?]
	at org.eclipse.jdt.internal.junit.runner.TestExecution.run(TestExecution.java:38) [.cp/:?]
	at org.eclipse.jdt.internal.junit.runner.RemoteTestRunner.runTests(RemoteTestRunner.java:459) [.cp/:?]
	at org.eclipse.jdt.internal.junit.runner.RemoteTestRunner.runTests(RemoteTestRunner.java:678) [.cp/:?]
	at org.eclipse.jdt.internal.junit.runner.RemoteTestRunner.run(RemoteTestRunner.java:382) [.cp/:?]
	at org.eclipse.jdt.internal.junit.runner.RemoteTestRunner.main(RemoteTestRunner.java:192) [.cp/:?]

15:12:33.046 ERROR basic.basic_005_builtinFunction.BuiltinFunctionTest 91 testMethod_1 - Can't create date/time/datetime format based on format string "format". Reason given: Illegal pattern character 'f'
The blamed expression:
==> "2018-11-25 15:03:30"?datetime  [in template "basic_005_built-in_function.ftl" at line 431, column 3]

----
FTL stack trace ("~" means nesting-related):
	- Failed at: ${"2018-11-25 15:03:30"?datetime.format}  [in template "basic_005_built-in_function.ftl" at line 431, column 1]
---- freemarker.core._TemplateModelException: Can't create date/time/datetime format based on format string "format". Reason given: Illegal pattern character 'f'
The blamed expression:
==> "2018-11-25 15:03:30"?datetime  [in template "basic_005_built-in_function.ftl" at line 431, column 3]

----
FTL stack trace ("~" means nesting-related):
	- Failed at: ${"2018-11-25 15:03:30"?datetime.format}  [in template "basic_005_built-in_function.ftl" at line 431, column 1]
----
	at freemarker.core.Environment.getTemplateDateFormat(Environment.java:1710) ~[freemarker-2.3.28.jar:2.3.28]
	at freemarker.core.BuiltInsForMultipleTypes$dateBI$DateParser.get(BuiltInsForMultipleTypes.java:162) ~[freemarker-2.3.28.jar:2.3.28]
	at freemarker.core.Dot._eval(Dot.java:43) ~[freemarker-2.3.28.jar:2.3.28]
	at freemarker.core.Expression.eval(Expression.java:83) ~[freemarker-2.3.28.jar:2.3.28]
	at freemarker.core.DollarVariable.calculateInterpolatedStringOrMarkup(DollarVariable.java:100) ~[freemarker-2.3.28.jar:2.3.28]
	at freemarker.core.DollarVariable.accept(DollarVariable.java:63) ~[freemarker-2.3.28.jar:2.3.28]
	at freemarker.core.Environment.visit(Environment.java:330) ~[freemarker-2.3.28.jar:2.3.28]
	at freemarker.core.Environment.visit(Environment.java:336) ~[freemarker-2.3.28.jar:2.3.28]
	at freemarker.core.Environment.process(Environment.java:309) ~[freemarker-2.3.28.jar:2.3.28]
	at freemarker.template.Template.process(Template.java:384) ~[freemarker-2.3.28.jar:2.3.28]
	at basic.basic_005_builtinFunction.BuiltinFunctionTest.testMethod_1(BuiltinFunctionTest.java:89) [bin/:?]
	at sun.reflect.NativeMethodAccessorImpl.invoke0(Native Method) ~[?:1.8.0_144]
	at sun.reflect.NativeMethodAccessorImpl.invoke(NativeMethodAccessorImpl.java:62) ~[?:1.8.0_144]
	at sun.reflect.DelegatingMethodAccessorImpl.invoke(DelegatingMethodAccessorImpl.java:43) ~[?:1.8.0_144]
	at java.lang.reflect.Method.invoke(Method.java:498) ~[?:?]
	at org.junit.runners.model.FrameworkMethod$1.runReflectiveCall(FrameworkMethod.java:50) [junit-4.12.jar:4.12]
	at org.junit.internal.runners.model.ReflectiveCallable.run(ReflectiveCallable.java:12) [junit-4.12.jar:4.12]
	at org.junit.runners.model.FrameworkMethod.invokeExplosively(FrameworkMethod.java:47) [junit-4.12.jar:4.12]
	at org.junit.internal.runners.statements.InvokeMethod.evaluate(InvokeMethod.java:17) [junit-4.12.jar:4.12]
	at org.junit.runners.ParentRunner.runLeaf(ParentRunner.java:325) [junit-4.12.jar:4.12]
	at org.junit.runners.BlockJUnit4ClassRunner.runChild(BlockJUnit4ClassRunner.java:78) [junit-4.12.jar:4.12]
	at org.junit.runners.BlockJUnit4ClassRunner.runChild(BlockJUnit4ClassRunner.java:57) [junit-4.12.jar:4.12]
	at org.junit.runners.ParentRunner$3.run(ParentRunner.java:290) [junit-4.12.jar:4.12]
	at org.junit.runners.ParentRunner$1.schedule(ParentRunner.java:71) [junit-4.12.jar:4.12]
	at org.junit.runners.ParentRunner.runChildren(ParentRunner.java:288) [junit-4.12.jar:4.12]
	at org.junit.runners.ParentRunner.access$000(ParentRunner.java:58) [junit-4.12.jar:4.12]
	at org.junit.runners.ParentRunner$2.evaluate(ParentRunner.java:268) [junit-4.12.jar:4.12]
	at org.junit.internal.runners.statements.RunBefores.evaluate(RunBefores.java:26) [junit-4.12.jar:4.12]
	at org.junit.runners.ParentRunner.run(ParentRunner.java:363) [junit-4.12.jar:4.12]
	at org.eclipse.jdt.internal.junit4.runner.JUnit4TestReference.run(JUnit4TestReference.java:86) [.cp/:?]
	at org.eclipse.jdt.internal.junit.runner.TestExecution.run(TestExecution.java:38) [.cp/:?]
	at org.eclipse.jdt.internal.junit.runner.RemoteTestRunner.runTests(RemoteTestRunner.java:459) [.cp/:?]
	at org.eclipse.jdt.internal.junit.runner.RemoteTestRunner.runTests(RemoteTestRunner.java:678) [.cp/:?]
	at org.eclipse.jdt.internal.junit.runner.RemoteTestRunner.run(RemoteTestRunner.java:382) [.cp/:?]
	at org.eclipse.jdt.internal.junit.runner.RemoteTestRunner.main(RemoteTestRunner.java:192) [.cp/:?]
Caused by: freemarker.core.InvalidFormatParametersException: Illegal pattern character 'f'
	at freemarker.core.JavaTemplateDateFormatFactory.getJavaDateFormat(JavaTemplateDateFormatFactory.java:98) ~[freemarker-2.3.28.jar:2.3.28]
	at freemarker.core.JavaTemplateDateFormatFactory.get(JavaTemplateDateFormatFactory.java:53) ~[freemarker-2.3.28.jar:2.3.28]
	at freemarker.core.Environment.getTemplateDateFormatWithoutCache(Environment.java:1874) ~[freemarker-2.3.28.jar:2.3.28]
	at freemarker.core.Environment.getTemplateDateFormat(Environment.java:1803) ~[freemarker-2.3.28.jar:2.3.28]
	at freemarker.core.Environment.getTemplateDateFormat(Environment.java:1515) ~[freemarker-2.3.28.jar:2.3.28]
	at freemarker.core.Environment.getTemplateDateFormat(Environment.java:1701) ~[freemarker-2.3.28.jar:2.3.28]
	... 34 more
Caused by: java.lang.IllegalArgumentException: Illegal pattern character 'f'
	at java.text.SimpleDateFormat.compile(SimpleDateFormat.java:826) ~[?:?]
	at java.text.SimpleDateFormat.initialize(SimpleDateFormat.java:634) ~[?:?]
	at java.text.SimpleDateFormat.<init>(SimpleDateFormat.java:605) ~[?:?]
	at freemarker.core.JavaTemplateDateFormatFactory.getJavaDateFormat(JavaTemplateDateFormatFactory.java:95) ~[freemarker-2.3.28.jar:2.3.28]
	at freemarker.core.JavaTemplateDateFormatFactory.get(JavaTemplateDateFormatFactory.java:53) ~[freemarker-2.3.28.jar:2.3.28]
	at freemarker.core.Environment.getTemplateDateFormatWithoutCache(Environment.java:1874) ~[freemarker-2.3.28.jar:2.3.28]
	at freemarker.core.Environment.getTemplateDateFormat(Environment.java:1803) ~[freemarker-2.3.28.jar:2.3.28]
	at freemarker.core.Environment.getTemplateDateFormat(Environment.java:1515) ~[freemarker-2.3.28.jar:2.3.28]
	at freemarker.core.Environment.getTemplateDateFormat(Environment.java:1701) ~[freemarker-2.3.28.jar:2.3.28]
	... 34 more

15:13:09.980 ERROR basic.basic_005_builtinFunction.BuiltinFunctionTest 91 testMethod_1 - The string doesn't match the expected date/time/date-time format. The string to parse was: "2018-11-25 15:03:30". The expected format was: "yyyy/MM/dd HH/mm:ss".
The nested reason given follows:
Unparseable date: "2018-11-25 15:03:30"

----
FTL stack trace ("~" means nesting-related):
	- Failed at: ${"2018-11-25 15:03:30"?datetime("yyy...  [in template "basic_005_built-in_function.ftl" at line 431, column 1]
---- freemarker.core._TemplateModelException: The string doesn't match the expected date/time/date-time format. The string to parse was: "2018-11-25 15:03:30". The expected format was: "yyyy/MM/dd HH/mm:ss".
The nested reason given follows:
Unparseable date: "2018-11-25 15:03:30"

----
FTL stack trace ("~" means nesting-related):
	- Failed at: ${"2018-11-25 15:03:30"?datetime("yyy...  [in template "basic_005_built-in_function.ftl" at line 431, column 1]
----
	at freemarker.core.BuiltInsForMultipleTypes$dateBI$DateParser.parse(BuiltInsForMultipleTypes.java:211) ~[freemarker-2.3.28.jar:2.3.28]
	at freemarker.core.BuiltInsForMultipleTypes$dateBI$DateParser.get(BuiltInsForMultipleTypes.java:167) ~[freemarker-2.3.28.jar:2.3.28]
	at freemarker.core.BuiltInsForMultipleTypes$dateBI$DateParser.exec(BuiltInsForMultipleTypes.java:156) ~[freemarker-2.3.28.jar:2.3.28]
	at freemarker.core.MethodCall._eval(MethodCall.java:65) ~[freemarker-2.3.28.jar:2.3.28]
	at freemarker.core.Expression.eval(Expression.java:83) ~[freemarker-2.3.28.jar:2.3.28]
	at freemarker.core.DollarVariable.calculateInterpolatedStringOrMarkup(DollarVariable.java:100) ~[freemarker-2.3.28.jar:2.3.28]
	at freemarker.core.DollarVariable.accept(DollarVariable.java:63) ~[freemarker-2.3.28.jar:2.3.28]
	at freemarker.core.Environment.visit(Environment.java:330) ~[freemarker-2.3.28.jar:2.3.28]
	at freemarker.core.Environment.visit(Environment.java:336) ~[freemarker-2.3.28.jar:2.3.28]
	at freemarker.core.Environment.process(Environment.java:309) ~[freemarker-2.3.28.jar:2.3.28]
	at freemarker.template.Template.process(Template.java:384) ~[freemarker-2.3.28.jar:2.3.28]
	at basic.basic_005_builtinFunction.BuiltinFunctionTest.testMethod_1(BuiltinFunctionTest.java:89) [bin/:?]
	at sun.reflect.NativeMethodAccessorImpl.invoke0(Native Method) ~[?:1.8.0_144]
	at sun.reflect.NativeMethodAccessorImpl.invoke(NativeMethodAccessorImpl.java:62) ~[?:1.8.0_144]
	at sun.reflect.DelegatingMethodAccessorImpl.invoke(DelegatingMethodAccessorImpl.java:43) ~[?:1.8.0_144]
	at java.lang.reflect.Method.invoke(Method.java:498) ~[?:?]
	at org.junit.runners.model.FrameworkMethod$1.runReflectiveCall(FrameworkMethod.java:50) [junit-4.12.jar:4.12]
	at org.junit.internal.runners.model.ReflectiveCallable.run(ReflectiveCallable.java:12) [junit-4.12.jar:4.12]
	at org.junit.runners.model.FrameworkMethod.invokeExplosively(FrameworkMethod.java:47) [junit-4.12.jar:4.12]
	at org.junit.internal.runners.statements.InvokeMethod.evaluate(InvokeMethod.java:17) [junit-4.12.jar:4.12]
	at org.junit.runners.ParentRunner.runLeaf(ParentRunner.java:325) [junit-4.12.jar:4.12]
	at org.junit.runners.BlockJUnit4ClassRunner.runChild(BlockJUnit4ClassRunner.java:78) [junit-4.12.jar:4.12]
	at org.junit.runners.BlockJUnit4ClassRunner.runChild(BlockJUnit4ClassRunner.java:57) [junit-4.12.jar:4.12]
	at org.junit.runners.ParentRunner$3.run(ParentRunner.java:290) [junit-4.12.jar:4.12]
	at org.junit.runners.ParentRunner$1.schedule(ParentRunner.java:71) [junit-4.12.jar:4.12]
	at org.junit.runners.ParentRunner.runChildren(ParentRunner.java:288) [junit-4.12.jar:4.12]
	at org.junit.runners.ParentRunner.access$000(ParentRunner.java:58) [junit-4.12.jar:4.12]
	at org.junit.runners.ParentRunner$2.evaluate(ParentRunner.java:268) [junit-4.12.jar:4.12]
	at org.junit.internal.runners.statements.RunBefores.evaluate(RunBefores.java:26) [junit-4.12.jar:4.12]
	at org.junit.runners.ParentRunner.run(ParentRunner.java:363) [junit-4.12.jar:4.12]
	at org.eclipse.jdt.internal.junit4.runner.JUnit4TestReference.run(JUnit4TestReference.java:86) [.cp/:?]
	at org.eclipse.jdt.internal.junit.runner.TestExecution.run(TestExecution.java:38) [.cp/:?]
	at org.eclipse.jdt.internal.junit.runner.RemoteTestRunner.runTests(RemoteTestRunner.java:459) [.cp/:?]
	at org.eclipse.jdt.internal.junit.runner.RemoteTestRunner.runTests(RemoteTestRunner.java:678) [.cp/:?]
	at org.eclipse.jdt.internal.junit.runner.RemoteTestRunner.run(RemoteTestRunner.java:382) [.cp/:?]
	at org.eclipse.jdt.internal.junit.runner.RemoteTestRunner.main(RemoteTestRunner.java:192) [.cp/:?]
Caused by: freemarker.core.UnparsableValueException: Unparseable date: "2018-11-25 15:03:30"
	at freemarker.core.JavaTemplateDateFormat.parse(JavaTemplateDateFormat.java:51) ~[freemarker-2.3.28.jar:2.3.28]
	at freemarker.core.JavaTemplateDateFormat.parse(JavaTemplateDateFormat.java:33) ~[freemarker-2.3.28.jar:2.3.28]
	at freemarker.core.BuiltInsForMultipleTypes$dateBI$DateParser.parse(BuiltInsForMultipleTypes.java:204) ~[freemarker-2.3.28.jar:2.3.28]
	... 35 more
Caused by: java.text.ParseException: Unparseable date: "2018-11-25 15:03:30"
	at java.text.DateFormat.parse(DateFormat.java:366) ~[?:?]
	at freemarker.core.JavaTemplateDateFormat.parse(JavaTemplateDateFormat.java:49) ~[freemarker-2.3.28.jar:2.3.28]
	at freemarker.core.JavaTemplateDateFormat.parse(JavaTemplateDateFormat.java:33) ~[freemarker-2.3.28.jar:2.3.28]
	at freemarker.core.BuiltInsForMultipleTypes$dateBI$DateParser.parse(BuiltInsForMultipleTypes.java:204) ~[freemarker-2.3.28.jar:2.3.28]
	... 35 more

15:13:42.062 ERROR basic.basic_005_builtinFunction.BuiltinFunctionTest 91 testMethod_1 - The string doesn't match the expected date/time/date-time format. The string to parse was: "2018/11/25 15/03/30". The expected format was: "yyyy/MM/dd HH/mm:ss".
The nested reason given follows:
Unparseable date: "2018/11/25 15/03/30"

----
FTL stack trace ("~" means nesting-related):
	- Failed at: ${"2018/11/25 15/03/30"?datetime("yyy...  [in template "basic_005_built-in_function.ftl" at line 431, column 1]
---- freemarker.core._TemplateModelException: The string doesn't match the expected date/time/date-time format. The string to parse was: "2018/11/25 15/03/30". The expected format was: "yyyy/MM/dd HH/mm:ss".
The nested reason given follows:
Unparseable date: "2018/11/25 15/03/30"

----
FTL stack trace ("~" means nesting-related):
	- Failed at: ${"2018/11/25 15/03/30"?datetime("yyy...  [in template "basic_005_built-in_function.ftl" at line 431, column 1]
----
	at freemarker.core.BuiltInsForMultipleTypes$dateBI$DateParser.parse(BuiltInsForMultipleTypes.java:211) ~[freemarker-2.3.28.jar:2.3.28]
	at freemarker.core.BuiltInsForMultipleTypes$dateBI$DateParser.get(BuiltInsForMultipleTypes.java:167) ~[freemarker-2.3.28.jar:2.3.28]
	at freemarker.core.BuiltInsForMultipleTypes$dateBI$DateParser.exec(BuiltInsForMultipleTypes.java:156) ~[freemarker-2.3.28.jar:2.3.28]
	at freemarker.core.MethodCall._eval(MethodCall.java:65) ~[freemarker-2.3.28.jar:2.3.28]
	at freemarker.core.Expression.eval(Expression.java:83) ~[freemarker-2.3.28.jar:2.3.28]
	at freemarker.core.DollarVariable.calculateInterpolatedStringOrMarkup(DollarVariable.java:100) ~[freemarker-2.3.28.jar:2.3.28]
	at freemarker.core.DollarVariable.accept(DollarVariable.java:63) ~[freemarker-2.3.28.jar:2.3.28]
	at freemarker.core.Environment.visit(Environment.java:330) ~[freemarker-2.3.28.jar:2.3.28]
	at freemarker.core.Environment.visit(Environment.java:336) ~[freemarker-2.3.28.jar:2.3.28]
	at freemarker.core.Environment.process(Environment.java:309) ~[freemarker-2.3.28.jar:2.3.28]
	at freemarker.template.Template.process(Template.java:384) ~[freemarker-2.3.28.jar:2.3.28]
	at basic.basic_005_builtinFunction.BuiltinFunctionTest.testMethod_1(BuiltinFunctionTest.java:89) [bin/:?]
	at sun.reflect.NativeMethodAccessorImpl.invoke0(Native Method) ~[?:1.8.0_144]
	at sun.reflect.NativeMethodAccessorImpl.invoke(NativeMethodAccessorImpl.java:62) ~[?:1.8.0_144]
	at sun.reflect.DelegatingMethodAccessorImpl.invoke(DelegatingMethodAccessorImpl.java:43) ~[?:1.8.0_144]
	at java.lang.reflect.Method.invoke(Method.java:498) ~[?:?]
	at org.junit.runners.model.FrameworkMethod$1.runReflectiveCall(FrameworkMethod.java:50) [junit-4.12.jar:4.12]
	at org.junit.internal.runners.model.ReflectiveCallable.run(ReflectiveCallable.java:12) [junit-4.12.jar:4.12]
	at org.junit.runners.model.FrameworkMethod.invokeExplosively(FrameworkMethod.java:47) [junit-4.12.jar:4.12]
	at org.junit.internal.runners.statements.InvokeMethod.evaluate(InvokeMethod.java:17) [junit-4.12.jar:4.12]
	at org.junit.runners.ParentRunner.runLeaf(ParentRunner.java:325) [junit-4.12.jar:4.12]
	at org.junit.runners.BlockJUnit4ClassRunner.runChild(BlockJUnit4ClassRunner.java:78) [junit-4.12.jar:4.12]
	at org.junit.runners.BlockJUnit4ClassRunner.runChild(BlockJUnit4ClassRunner.java:57) [junit-4.12.jar:4.12]
	at org.junit.runners.ParentRunner$3.run(ParentRunner.java:290) [junit-4.12.jar:4.12]
	at org.junit.runners.ParentRunner$1.schedule(ParentRunner.java:71) [junit-4.12.jar:4.12]
	at org.junit.runners.ParentRunner.runChildren(ParentRunner.java:288) [junit-4.12.jar:4.12]
	at org.junit.runners.ParentRunner.access$000(ParentRunner.java:58) [junit-4.12.jar:4.12]
	at org.junit.runners.ParentRunner$2.evaluate(ParentRunner.java:268) [junit-4.12.jar:4.12]
	at org.junit.internal.runners.statements.RunBefores.evaluate(RunBefores.java:26) [junit-4.12.jar:4.12]
	at org.junit.runners.ParentRunner.run(ParentRunner.java:363) [junit-4.12.jar:4.12]
	at org.eclipse.jdt.internal.junit4.runner.JUnit4TestReference.run(JUnit4TestReference.java:86) [.cp/:?]
	at org.eclipse.jdt.internal.junit.runner.TestExecution.run(TestExecution.java:38) [.cp/:?]
	at org.eclipse.jdt.internal.junit.runner.RemoteTestRunner.runTests(RemoteTestRunner.java:459) [.cp/:?]
	at org.eclipse.jdt.internal.junit.runner.RemoteTestRunner.runTests(RemoteTestRunner.java:678) [.cp/:?]
	at org.eclipse.jdt.internal.junit.runner.RemoteTestRunner.run(RemoteTestRunner.java:382) [.cp/:?]
	at org.eclipse.jdt.internal.junit.runner.RemoteTestRunner.main(RemoteTestRunner.java:192) [.cp/:?]
Caused by: freemarker.core.UnparsableValueException: Unparseable date: "2018/11/25 15/03/30"
	at freemarker.core.JavaTemplateDateFormat.parse(JavaTemplateDateFormat.java:51) ~[freemarker-2.3.28.jar:2.3.28]
	at freemarker.core.JavaTemplateDateFormat.parse(JavaTemplateDateFormat.java:33) ~[freemarker-2.3.28.jar:2.3.28]
	at freemarker.core.BuiltInsForMultipleTypes$dateBI$DateParser.parse(BuiltInsForMultipleTypes.java:204) ~[freemarker-2.3.28.jar:2.3.28]
	... 35 more
Caused by: java.text.ParseException: Unparseable date: "2018/11/25 15/03/30"
	at java.text.DateFormat.parse(DateFormat.java:366) ~[?:?]
	at freemarker.core.JavaTemplateDateFormat.parse(JavaTemplateDateFormat.java:49) ~[freemarker-2.3.28.jar:2.3.28]
	at freemarker.core.JavaTemplateDateFormat.parse(JavaTemplateDateFormat.java:33) ~[freemarker-2.3.28.jar:2.3.28]
	at freemarker.core.BuiltInsForMultipleTypes$dateBI$DateParser.parse(BuiltInsForMultipleTypes.java:204) ~[freemarker-2.3.28.jar:2.3.28]
	... 35 more

15:24:44.489 ERROR basic.basic_005_builtinFunction.BuiltinFunctionTest 91 testMethod_1 - ?ensure_ends_with(...) expects 1 argument but has received 2.

----
FTL stack trace ("~" means nesting-related):
	- Failed at: ${"hello world!"?ensure_ends_with("ld...  [in template "basic_005_built-in_function.ftl" at line 445, column 1]
---- freemarker.core._TemplateModelException: ?ensure_ends_with(...) expects 1 argument but has received 2.

----
FTL stack trace ("~" means nesting-related):
	- Failed at: ${"hello world!"?ensure_ends_with("ld...  [in template "basic_005_built-in_function.ftl" at line 445, column 1]
----
	at freemarker.core._MessageUtil.newArgCntError(_MessageUtil.java:236) ~[freemarker-2.3.28.jar:2.3.28]
	at freemarker.core._MessageUtil.newArgCntError(_MessageUtil.java:194) ~[freemarker-2.3.28.jar:2.3.28]
	at freemarker.core.BuiltIn.checkMethodArgCount(BuiltIn.java:406) ~[freemarker-2.3.28.jar:2.3.28]
	at freemarker.core.BuiltIn.checkMethodArgCount(BuiltIn.java:401) ~[freemarker-2.3.28.jar:2.3.28]
	at freemarker.core.BuiltInsForStringsBasic$ensure_ends_withBI$BIMethod.exec(BuiltInsForStringsBasic.java:129) ~[freemarker-2.3.28.jar:2.3.28]
	at freemarker.core.MethodCall._eval(MethodCall.java:65) ~[freemarker-2.3.28.jar:2.3.28]
	at freemarker.core.Expression.eval(Expression.java:83) ~[freemarker-2.3.28.jar:2.3.28]
	at freemarker.core.DollarVariable.calculateInterpolatedStringOrMarkup(DollarVariable.java:100) ~[freemarker-2.3.28.jar:2.3.28]
	at freemarker.core.DollarVariable.accept(DollarVariable.java:63) ~[freemarker-2.3.28.jar:2.3.28]
	at freemarker.core.Environment.visit(Environment.java:330) ~[freemarker-2.3.28.jar:2.3.28]
	at freemarker.core.Environment.visit(Environment.java:336) ~[freemarker-2.3.28.jar:2.3.28]
	at freemarker.core.Environment.process(Environment.java:309) ~[freemarker-2.3.28.jar:2.3.28]
	at freemarker.template.Template.process(Template.java:384) ~[freemarker-2.3.28.jar:2.3.28]
	at basic.basic_005_builtinFunction.BuiltinFunctionTest.testMethod_1(BuiltinFunctionTest.java:89) [bin/:?]
	at sun.reflect.NativeMethodAccessorImpl.invoke0(Native Method) ~[?:1.8.0_144]
	at sun.reflect.NativeMethodAccessorImpl.invoke(NativeMethodAccessorImpl.java:62) ~[?:1.8.0_144]
	at sun.reflect.DelegatingMethodAccessorImpl.invoke(DelegatingMethodAccessorImpl.java:43) ~[?:1.8.0_144]
	at java.lang.reflect.Method.invoke(Method.java:498) ~[?:?]
	at org.junit.runners.model.FrameworkMethod$1.runReflectiveCall(FrameworkMethod.java:50) [junit-4.12.jar:4.12]
	at org.junit.internal.runners.model.ReflectiveCallable.run(ReflectiveCallable.java:12) [junit-4.12.jar:4.12]
	at org.junit.runners.model.FrameworkMethod.invokeExplosively(FrameworkMethod.java:47) [junit-4.12.jar:4.12]
	at org.junit.internal.runners.statements.InvokeMethod.evaluate(InvokeMethod.java:17) [junit-4.12.jar:4.12]
	at org.junit.runners.ParentRunner.runLeaf(ParentRunner.java:325) [junit-4.12.jar:4.12]
	at org.junit.runners.BlockJUnit4ClassRunner.runChild(BlockJUnit4ClassRunner.java:78) [junit-4.12.jar:4.12]
	at org.junit.runners.BlockJUnit4ClassRunner.runChild(BlockJUnit4ClassRunner.java:57) [junit-4.12.jar:4.12]
	at org.junit.runners.ParentRunner$3.run(ParentRunner.java:290) [junit-4.12.jar:4.12]
	at org.junit.runners.ParentRunner$1.schedule(ParentRunner.java:71) [junit-4.12.jar:4.12]
	at org.junit.runners.ParentRunner.runChildren(ParentRunner.java:288) [junit-4.12.jar:4.12]
	at org.junit.runners.ParentRunner.access$000(ParentRunner.java:58) [junit-4.12.jar:4.12]
	at org.junit.runners.ParentRunner$2.evaluate(ParentRunner.java:268) [junit-4.12.jar:4.12]
	at org.junit.internal.runners.statements.RunBefores.evaluate(RunBefores.java:26) [junit-4.12.jar:4.12]
	at org.junit.runners.ParentRunner.run(ParentRunner.java:363) [junit-4.12.jar:4.12]
	at org.eclipse.jdt.internal.junit4.runner.JUnit4TestReference.run(JUnit4TestReference.java:86) [.cp/:?]
	at org.eclipse.jdt.internal.junit.runner.TestExecution.run(TestExecution.java:38) [.cp/:?]
	at org.eclipse.jdt.internal.junit.runner.RemoteTestRunner.runTests(RemoteTestRunner.java:459) [.cp/:?]
	at org.eclipse.jdt.internal.junit.runner.RemoteTestRunner.runTests(RemoteTestRunner.java:678) [.cp/:?]
	at org.eclipse.jdt.internal.junit.runner.RemoteTestRunner.run(RemoteTestRunner.java:382) [.cp/:?]
	at org.eclipse.jdt.internal.junit.runner.RemoteTestRunner.main(RemoteTestRunner.java:192) [.cp/:?]

16:15:29.065 ERROR basic.basic_005_builtinFunction.BuiltinFunctionTest 91 testMethod_1 - For "${...}" content: Expected a string or something automatically convertible to string (number, date or boolean), or "template output" , but this has evaluated to a sequence (wrapper: f.t.SimpleSequence):
==> "hello world"?split(",")  [in template "basic_005_built-in_function.ftl" at line 467, column 3]

----
FTL stack trace ("~" means nesting-related):
	- Failed at: ${"hello world"?split(",")}  [in template "basic_005_built-in_function.ftl" at line 467, column 1]
---- freemarker.core.NonStringOrTemplateOutputException: For "${...}" content: Expected a string or something automatically convertible to string (number, date or boolean), or "template output" , but this has evaluated to a sequence (wrapper: f.t.SimpleSequence):
==> "hello world"?split(",")  [in template "basic_005_built-in_function.ftl" at line 467, column 3]

----
FTL stack trace ("~" means nesting-related):
	- Failed at: ${"hello world"?split(",")}  [in template "basic_005_built-in_function.ftl" at line 467, column 1]
----
	at freemarker.core.EvalUtil.coerceModelToTextualCommon(EvalUtil.java:511) ~[freemarker-2.3.28.jar:2.3.28]
	at freemarker.core.EvalUtil.coerceModelToStringOrMarkup(EvalUtil.java:389) ~[freemarker-2.3.28.jar:2.3.28]
	at freemarker.core.EvalUtil.coerceModelToStringOrMarkup(EvalUtil.java:358) ~[freemarker-2.3.28.jar:2.3.28]
	at freemarker.core.DollarVariable.calculateInterpolatedStringOrMarkup(DollarVariable.java:100) ~[freemarker-2.3.28.jar:2.3.28]
	at freemarker.core.DollarVariable.accept(DollarVariable.java:63) ~[freemarker-2.3.28.jar:2.3.28]
	at freemarker.core.Environment.visit(Environment.java:330) ~[freemarker-2.3.28.jar:2.3.28]
	at freemarker.core.Environment.visit(Environment.java:336) ~[freemarker-2.3.28.jar:2.3.28]
	at freemarker.core.Environment.process(Environment.java:309) ~[freemarker-2.3.28.jar:2.3.28]
	at freemarker.template.Template.process(Template.java:384) ~[freemarker-2.3.28.jar:2.3.28]
	at basic.basic_005_builtinFunction.BuiltinFunctionTest.testMethod_1(BuiltinFunctionTest.java:89) [bin/:?]
	at sun.reflect.NativeMethodAccessorImpl.invoke0(Native Method) ~[?:1.8.0_144]
	at sun.reflect.NativeMethodAccessorImpl.invoke(NativeMethodAccessorImpl.java:62) ~[?:1.8.0_144]
	at sun.reflect.DelegatingMethodAccessorImpl.invoke(DelegatingMethodAccessorImpl.java:43) ~[?:1.8.0_144]
	at java.lang.reflect.Method.invoke(Method.java:498) ~[?:?]
	at org.junit.runners.model.FrameworkMethod$1.runReflectiveCall(FrameworkMethod.java:50) [junit-4.12.jar:4.12]
	at org.junit.internal.runners.model.ReflectiveCallable.run(ReflectiveCallable.java:12) [junit-4.12.jar:4.12]
	at org.junit.runners.model.FrameworkMethod.invokeExplosively(FrameworkMethod.java:47) [junit-4.12.jar:4.12]
	at org.junit.internal.runners.statements.InvokeMethod.evaluate(InvokeMethod.java:17) [junit-4.12.jar:4.12]
	at org.junit.runners.ParentRunner.runLeaf(ParentRunner.java:325) [junit-4.12.jar:4.12]
	at org.junit.runners.BlockJUnit4ClassRunner.runChild(BlockJUnit4ClassRunner.java:78) [junit-4.12.jar:4.12]
	at org.junit.runners.BlockJUnit4ClassRunner.runChild(BlockJUnit4ClassRunner.java:57) [junit-4.12.jar:4.12]
	at org.junit.runners.ParentRunner$3.run(ParentRunner.java:290) [junit-4.12.jar:4.12]
	at org.junit.runners.ParentRunner$1.schedule(ParentRunner.java:71) [junit-4.12.jar:4.12]
	at org.junit.runners.ParentRunner.runChildren(ParentRunner.java:288) [junit-4.12.jar:4.12]
	at org.junit.runners.ParentRunner.access$000(ParentRunner.java:58) [junit-4.12.jar:4.12]
	at org.junit.runners.ParentRunner$2.evaluate(ParentRunner.java:268) [junit-4.12.jar:4.12]
	at org.junit.internal.runners.statements.RunBefores.evaluate(RunBefores.java:26) [junit-4.12.jar:4.12]
	at org.junit.runners.ParentRunner.run(ParentRunner.java:363) [junit-4.12.jar:4.12]
	at org.eclipse.jdt.internal.junit4.runner.JUnit4TestReference.run(JUnit4TestReference.java:86) [.cp/:?]
	at org.eclipse.jdt.internal.junit.runner.TestExecution.run(TestExecution.java:38) [.cp/:?]
	at org.eclipse.jdt.internal.junit.runner.RemoteTestRunner.runTests(RemoteTestRunner.java:459) [.cp/:?]
	at org.eclipse.jdt.internal.junit.runner.RemoteTestRunner.runTests(RemoteTestRunner.java:678) [.cp/:?]
	at org.eclipse.jdt.internal.junit.runner.RemoteTestRunner.run(RemoteTestRunner.java:382) [.cp/:?]
	at org.eclipse.jdt.internal.junit.runner.RemoteTestRunner.main(RemoteTestRunner.java:192) [.cp/:?]

16:15:42.124 ERROR basic.basic_005_builtinFunction.BuiltinFunctionTest 91 testMethod_1 - For "${...}" content: Expected a string or something automatically convertible to string (number, date or boolean), or "template output" , but this has evaluated to a sequence (wrapper: f.t.SimpleSequence):
==> "hello world"?split(" ")  [in template "basic_005_built-in_function.ftl" at line 467, column 3]

----
FTL stack trace ("~" means nesting-related):
	- Failed at: ${"hello world"?split(" ")}  [in template "basic_005_built-in_function.ftl" at line 467, column 1]
---- freemarker.core.NonStringOrTemplateOutputException: For "${...}" content: Expected a string or something automatically convertible to string (number, date or boolean), or "template output" , but this has evaluated to a sequence (wrapper: f.t.SimpleSequence):
==> "hello world"?split(" ")  [in template "basic_005_built-in_function.ftl" at line 467, column 3]

----
FTL stack trace ("~" means nesting-related):
	- Failed at: ${"hello world"?split(" ")}  [in template "basic_005_built-in_function.ftl" at line 467, column 1]
----
	at freemarker.core.EvalUtil.coerceModelToTextualCommon(EvalUtil.java:511) ~[freemarker-2.3.28.jar:2.3.28]
	at freemarker.core.EvalUtil.coerceModelToStringOrMarkup(EvalUtil.java:389) ~[freemarker-2.3.28.jar:2.3.28]
	at freemarker.core.EvalUtil.coerceModelToStringOrMarkup(EvalUtil.java:358) ~[freemarker-2.3.28.jar:2.3.28]
	at freemarker.core.DollarVariable.calculateInterpolatedStringOrMarkup(DollarVariable.java:100) ~[freemarker-2.3.28.jar:2.3.28]
	at freemarker.core.DollarVariable.accept(DollarVariable.java:63) ~[freemarker-2.3.28.jar:2.3.28]
	at freemarker.core.Environment.visit(Environment.java:330) ~[freemarker-2.3.28.jar:2.3.28]
	at freemarker.core.Environment.visit(Environment.java:336) ~[freemarker-2.3.28.jar:2.3.28]
	at freemarker.core.Environment.process(Environment.java:309) ~[freemarker-2.3.28.jar:2.3.28]
	at freemarker.template.Template.process(Template.java:384) ~[freemarker-2.3.28.jar:2.3.28]
	at basic.basic_005_builtinFunction.BuiltinFunctionTest.testMethod_1(BuiltinFunctionTest.java:89) [bin/:?]
	at sun.reflect.NativeMethodAccessorImpl.invoke0(Native Method) ~[?:1.8.0_144]
	at sun.reflect.NativeMethodAccessorImpl.invoke(NativeMethodAccessorImpl.java:62) ~[?:1.8.0_144]
	at sun.reflect.DelegatingMethodAccessorImpl.invoke(DelegatingMethodAccessorImpl.java:43) ~[?:1.8.0_144]
	at java.lang.reflect.Method.invoke(Method.java:498) ~[?:?]
	at org.junit.runners.model.FrameworkMethod$1.runReflectiveCall(FrameworkMethod.java:50) [junit-4.12.jar:4.12]
	at org.junit.internal.runners.model.ReflectiveCallable.run(ReflectiveCallable.java:12) [junit-4.12.jar:4.12]
	at org.junit.runners.model.FrameworkMethod.invokeExplosively(FrameworkMethod.java:47) [junit-4.12.jar:4.12]
	at org.junit.internal.runners.statements.InvokeMethod.evaluate(InvokeMethod.java:17) [junit-4.12.jar:4.12]
	at org.junit.runners.ParentRunner.runLeaf(ParentRunner.java:325) [junit-4.12.jar:4.12]
	at org.junit.runners.BlockJUnit4ClassRunner.runChild(BlockJUnit4ClassRunner.java:78) [junit-4.12.jar:4.12]
	at org.junit.runners.BlockJUnit4ClassRunner.runChild(BlockJUnit4ClassRunner.java:57) [junit-4.12.jar:4.12]
	at org.junit.runners.ParentRunner$3.run(ParentRunner.java:290) [junit-4.12.jar:4.12]
	at org.junit.runners.ParentRunner$1.schedule(ParentRunner.java:71) [junit-4.12.jar:4.12]
	at org.junit.runners.ParentRunner.runChildren(ParentRunner.java:288) [junit-4.12.jar:4.12]
	at org.junit.runners.ParentRunner.access$000(ParentRunner.java:58) [junit-4.12.jar:4.12]
	at org.junit.runners.ParentRunner$2.evaluate(ParentRunner.java:268) [junit-4.12.jar:4.12]
	at org.junit.internal.runners.statements.RunBefores.evaluate(RunBefores.java:26) [junit-4.12.jar:4.12]
	at org.junit.runners.ParentRunner.run(ParentRunner.java:363) [junit-4.12.jar:4.12]
	at org.eclipse.jdt.internal.junit4.runner.JUnit4TestReference.run(JUnit4TestReference.java:86) [.cp/:?]
	at org.eclipse.jdt.internal.junit.runner.TestExecution.run(TestExecution.java:38) [.cp/:?]
	at org.eclipse.jdt.internal.junit.runner.RemoteTestRunner.runTests(RemoteTestRunner.java:459) [.cp/:?]
	at org.eclipse.jdt.internal.junit.runner.RemoteTestRunner.runTests(RemoteTestRunner.java:678) [.cp/:?]
	at org.eclipse.jdt.internal.junit.runner.RemoteTestRunner.run(RemoteTestRunner.java:382) [.cp/:?]
	at org.eclipse.jdt.internal.junit.runner.RemoteTestRunner.main(RemoteTestRunner.java:192) [.cp/:?]

16:23:39.656 ERROR basic.basic_005_builtinFunction.BuiltinFunctionTest 91 testMethod_1 - ?substring(...) argument #2 had invalid value: The index mustn't be greater than the length of the string, 11, but it was 20.

----
FTL stack trace ("~" means nesting-related):
	- Failed at: ${"hello world"?substring(1, 20)}  [in template "basic_005_built-in_function.ftl" at line 478, column 1]
---- freemarker.core._TemplateModelException: ?substring(...) argument #2 had invalid value: The index mustn't be greater than the length of the string, 11, but it was 20.

----
FTL stack trace ("~" means nesting-related):
	- Failed at: ${"hello world"?substring(1, 20)}  [in template "basic_005_built-in_function.ftl" at line 478, column 1]
----
	at freemarker.core._MessageUtil.newMethodArgInvalidValueException(_MessageUtil.java:279) ~[freemarker-2.3.28.jar:2.3.28]
	at freemarker.core.BuiltInsForStringsBasic$substringBI$1.newIndexGreaterThanLengthException(BuiltInsForStringsBasic.java:620) ~[freemarker-2.3.28.jar:2.3.28]
	at freemarker.core.BuiltInsForStringsBasic$substringBI$1.exec(BuiltInsForStringsBasic.java:604) ~[freemarker-2.3.28.jar:2.3.28]
	at freemarker.core.MethodCall._eval(MethodCall.java:65) ~[freemarker-2.3.28.jar:2.3.28]
	at freemarker.core.Expression.eval(Expression.java:83) ~[freemarker-2.3.28.jar:2.3.28]
	at freemarker.core.DollarVariable.calculateInterpolatedStringOrMarkup(DollarVariable.java:100) ~[freemarker-2.3.28.jar:2.3.28]
	at freemarker.core.DollarVariable.accept(DollarVariable.java:63) ~[freemarker-2.3.28.jar:2.3.28]
	at freemarker.core.Environment.visit(Environment.java:330) ~[freemarker-2.3.28.jar:2.3.28]
	at freemarker.core.Environment.visit(Environment.java:336) ~[freemarker-2.3.28.jar:2.3.28]
	at freemarker.core.Environment.process(Environment.java:309) ~[freemarker-2.3.28.jar:2.3.28]
	at freemarker.template.Template.process(Template.java:384) ~[freemarker-2.3.28.jar:2.3.28]
	at basic.basic_005_builtinFunction.BuiltinFunctionTest.testMethod_1(BuiltinFunctionTest.java:89) [bin/:?]
	at sun.reflect.NativeMethodAccessorImpl.invoke0(Native Method) ~[?:1.8.0_144]
	at sun.reflect.NativeMethodAccessorImpl.invoke(NativeMethodAccessorImpl.java:62) ~[?:1.8.0_144]
	at sun.reflect.DelegatingMethodAccessorImpl.invoke(DelegatingMethodAccessorImpl.java:43) ~[?:1.8.0_144]
	at java.lang.reflect.Method.invoke(Method.java:498) ~[?:?]
	at org.junit.runners.model.FrameworkMethod$1.runReflectiveCall(FrameworkMethod.java:50) [junit-4.12.jar:4.12]
	at org.junit.internal.runners.model.ReflectiveCallable.run(ReflectiveCallable.java:12) [junit-4.12.jar:4.12]
	at org.junit.runners.model.FrameworkMethod.invokeExplosively(FrameworkMethod.java:47) [junit-4.12.jar:4.12]
	at org.junit.internal.runners.statements.InvokeMethod.evaluate(InvokeMethod.java:17) [junit-4.12.jar:4.12]
	at org.junit.runners.ParentRunner.runLeaf(ParentRunner.java:325) [junit-4.12.jar:4.12]
	at org.junit.runners.BlockJUnit4ClassRunner.runChild(BlockJUnit4ClassRunner.java:78) [junit-4.12.jar:4.12]
	at org.junit.runners.BlockJUnit4ClassRunner.runChild(BlockJUnit4ClassRunner.java:57) [junit-4.12.jar:4.12]
	at org.junit.runners.ParentRunner$3.run(ParentRunner.java:290) [junit-4.12.jar:4.12]
	at org.junit.runners.ParentRunner$1.schedule(ParentRunner.java:71) [junit-4.12.jar:4.12]
	at org.junit.runners.ParentRunner.runChildren(ParentRunner.java:288) [junit-4.12.jar:4.12]
	at org.junit.runners.ParentRunner.access$000(ParentRunner.java:58) [junit-4.12.jar:4.12]
	at org.junit.runners.ParentRunner$2.evaluate(ParentRunner.java:268) [junit-4.12.jar:4.12]
	at org.junit.internal.runners.statements.RunBefores.evaluate(RunBefores.java:26) [junit-4.12.jar:4.12]
	at org.junit.runners.ParentRunner.run(ParentRunner.java:363) [junit-4.12.jar:4.12]
	at org.eclipse.jdt.internal.junit4.runner.JUnit4TestReference.run(JUnit4TestReference.java:86) [.cp/:?]
	at org.eclipse.jdt.internal.junit.runner.TestExecution.run(TestExecution.java:38) [.cp/:?]
	at org.eclipse.jdt.internal.junit.runner.RemoteTestRunner.runTests(RemoteTestRunner.java:459) [.cp/:?]
	at org.eclipse.jdt.internal.junit.runner.RemoteTestRunner.runTests(RemoteTestRunner.java:678) [.cp/:?]
	at org.eclipse.jdt.internal.junit.runner.RemoteTestRunner.run(RemoteTestRunner.java:382) [.cp/:?]
	at org.eclipse.jdt.internal.junit.runner.RemoteTestRunner.main(RemoteTestRunner.java:192) [.cp/:?]

16:24:10.079 ERROR basic.basic_005_builtinFunction.BuiltinFunctionTest 91 testMethod_1 - ?substring(...) argument #2 had invalid value: The index must be at least 0, but was -2.

----
FTL stack trace ("~" means nesting-related):
	- Failed at: ${"hello world"?substring(1, -2)}  [in template "basic_005_built-in_function.ftl" at line 478, column 1]
---- freemarker.core._TemplateModelException: ?substring(...) argument #2 had invalid value: The index must be at least 0, but was -2.

----
FTL stack trace ("~" means nesting-related):
	- Failed at: ${"hello world"?substring(1, -2)}  [in template "basic_005_built-in_function.ftl" at line 478, column 1]
----
	at freemarker.core._MessageUtil.newMethodArgInvalidValueException(_MessageUtil.java:279) ~[freemarker-2.3.28.jar:2.3.28]
	at freemarker.core.BuiltInsForStringsBasic$substringBI$1.newIndexLessThan0Exception(BuiltInsForStringsBasic.java:629) ~[freemarker-2.3.28.jar:2.3.28]
	at freemarker.core.BuiltInsForStringsBasic$substringBI$1.exec(BuiltInsForStringsBasic.java:602) ~[freemarker-2.3.28.jar:2.3.28]
	at freemarker.core.MethodCall._eval(MethodCall.java:65) ~[freemarker-2.3.28.jar:2.3.28]
	at freemarker.core.Expression.eval(Expression.java:83) ~[freemarker-2.3.28.jar:2.3.28]
	at freemarker.core.DollarVariable.calculateInterpolatedStringOrMarkup(DollarVariable.java:100) ~[freemarker-2.3.28.jar:2.3.28]
	at freemarker.core.DollarVariable.accept(DollarVariable.java:63) ~[freemarker-2.3.28.jar:2.3.28]
	at freemarker.core.Environment.visit(Environment.java:330) ~[freemarker-2.3.28.jar:2.3.28]
	at freemarker.core.Environment.visit(Environment.java:336) ~[freemarker-2.3.28.jar:2.3.28]
	at freemarker.core.Environment.process(Environment.java:309) ~[freemarker-2.3.28.jar:2.3.28]
	at freemarker.template.Template.process(Template.java:384) ~[freemarker-2.3.28.jar:2.3.28]
	at basic.basic_005_builtinFunction.BuiltinFunctionTest.testMethod_1(BuiltinFunctionTest.java:89) [bin/:?]
	at sun.reflect.NativeMethodAccessorImpl.invoke0(Native Method) ~[?:1.8.0_144]
	at sun.reflect.NativeMethodAccessorImpl.invoke(NativeMethodAccessorImpl.java:62) ~[?:1.8.0_144]
	at sun.reflect.DelegatingMethodAccessorImpl.invoke(DelegatingMethodAccessorImpl.java:43) ~[?:1.8.0_144]
	at java.lang.reflect.Method.invoke(Method.java:498) ~[?:?]
	at org.junit.runners.model.FrameworkMethod$1.runReflectiveCall(FrameworkMethod.java:50) [junit-4.12.jar:4.12]
	at org.junit.internal.runners.model.ReflectiveCallable.run(ReflectiveCallable.java:12) [junit-4.12.jar:4.12]
	at org.junit.runners.model.FrameworkMethod.invokeExplosively(FrameworkMethod.java:47) [junit-4.12.jar:4.12]
	at org.junit.internal.runners.statements.InvokeMethod.evaluate(InvokeMethod.java:17) [junit-4.12.jar:4.12]
	at org.junit.runners.ParentRunner.runLeaf(ParentRunner.java:325) [junit-4.12.jar:4.12]
	at org.junit.runners.BlockJUnit4ClassRunner.runChild(BlockJUnit4ClassRunner.java:78) [junit-4.12.jar:4.12]
	at org.junit.runners.BlockJUnit4ClassRunner.runChild(BlockJUnit4ClassRunner.java:57) [junit-4.12.jar:4.12]
	at org.junit.runners.ParentRunner$3.run(ParentRunner.java:290) [junit-4.12.jar:4.12]
	at org.junit.runners.ParentRunner$1.schedule(ParentRunner.java:71) [junit-4.12.jar:4.12]
	at org.junit.runners.ParentRunner.runChildren(ParentRunner.java:288) [junit-4.12.jar:4.12]
	at org.junit.runners.ParentRunner.access$000(ParentRunner.java:58) [junit-4.12.jar:4.12]
	at org.junit.runners.ParentRunner$2.evaluate(ParentRunner.java:268) [junit-4.12.jar:4.12]
	at org.junit.internal.runners.statements.RunBefores.evaluate(RunBefores.java:26) [junit-4.12.jar:4.12]
	at org.junit.runners.ParentRunner.run(ParentRunner.java:363) [junit-4.12.jar:4.12]
	at org.eclipse.jdt.internal.junit4.runner.JUnit4TestReference.run(JUnit4TestReference.java:86) [.cp/:?]
	at org.eclipse.jdt.internal.junit.runner.TestExecution.run(TestExecution.java:38) [.cp/:?]
	at org.eclipse.jdt.internal.junit.runner.RemoteTestRunner.runTests(RemoteTestRunner.java:459) [.cp/:?]
	at org.eclipse.jdt.internal.junit.runner.RemoteTestRunner.runTests(RemoteTestRunner.java:678) [.cp/:?]
	at org.eclipse.jdt.internal.junit.runner.RemoteTestRunner.run(RemoteTestRunner.java:382) [.cp/:?]
	at org.eclipse.jdt.internal.junit.runner.RemoteTestRunner.main(RemoteTestRunner.java:192) [.cp/:?]

